{"/home/travis/build/npmtest/node-npmtest-inert/test.js":{"path":"/home/travis/build/npmtest/node-npmtest-inert/test.js","s":{"1":2,"2":2,"3":2,"4":2,"5":2,"6":2,"7":2,"8":1,"9":2,"10":2,"11":1,"12":1,"13":1,"14":1,"15":2,"16":2,"17":2,"18":2,"19":1,"20":1,"21":2,"22":2,"23":2,"24":1,"25":1,"26":1,"27":1,"28":1,"29":1,"30":1,"31":1,"32":1,"33":1,"34":1,"35":1,"36":1,"37":1,"38":1,"39":2,"40":2,"41":1,"42":2,"43":2,"44":1,"45":2,"46":2,"47":1,"48":2,"49":2,"50":1,"51":1,"52":1,"53":1,"54":1},"b":{"1":[2,1,1,1],"2":[1,1,1,1],"3":[1,1],"4":[1,1],"5":[1,1],"6":[1,1],"7":[1,1],"8":[1,1],"9":[1,1],"10":[1,1,1],"11":[1,1],"12":[1,1],"13":[1,1],"14":[1,1],"15":[1,1],"16":[1,1],"17":[1,1]},"f":{"1":2,"2":2,"3":2,"4":2,"5":2,"6":1,"7":1,"8":1,"9":2,"10":2,"11":2,"12":2,"13":1},"fnMap":{"1":{"name":"(anonymous_1)","line":12,"loc":{"start":{"line":12,"column":1},"end":{"line":12,"column":13}}},"2":{"name":"(anonymous_2)","line":19,"loc":{"start":{"line":19,"column":5},"end":{"line":19,"column":17}}},"3":{"name":"(anonymous_3)","line":23,"loc":{"start":{"line":23,"column":24},"end":{"line":23,"column":36}}},"4":{"name":"(anonymous_4)","line":61,"loc":{"start":{"line":61,"column":5},"end":{"line":61,"column":17}}},"5":{"name":"(anonymous_5)","line":82,"loc":{"start":{"line":82,"column":5},"end":{"line":82,"column":17}}},"6":{"name":"(anonymous_6)","line":91,"loc":{"start":{"line":91,"column":77},"end":{"line":94,"column":10}}},"7":{"name":"(anonymous_7)","line":112,"loc":{"start":{"line":112,"column":83},"end":{"line":115,"column":10}},"skip":true},"8":{"name":"(anonymous_8)","line":123,"loc":{"start":{"line":123,"column":77},"end":{"line":126,"column":10}},"skip":true},"9":{"name":"(anonymous_9)","line":139,"loc":{"start":{"line":139,"column":12},"end":{"line":139,"column":40}},"skip":true},"10":{"name":"(anonymous_10)","line":147,"loc":{"start":{"line":147,"column":77},"end":{"line":150,"column":10}},"skip":true},"11":{"name":"(anonymous_11)","line":158,"loc":{"start":{"line":158,"column":83},"end":{"line":161,"column":10}},"skip":true},"12":{"name":"(anonymous_12)","line":169,"loc":{"start":{"line":169,"column":79},"end":{"line":172,"column":10}},"skip":true},"13":{"name":"(anonymous_13)","line":180,"loc":{"start":{"line":180,"column":75},"end":{"line":183,"column":10}},"skip":true}},"statementMap":{"1":{"start":{"line":12,"column":0},"end":{"line":195,"column":5}},"2":{"start":{"line":14,"column":4},"end":{"line":14,"column":14}},"3":{"start":{"line":19,"column":4},"end":{"line":56,"column":9}},"4":{"start":{"line":21,"column":8},"end":{"line":21,"column":19}},"5":{"start":{"line":23,"column":8},"end":{"line":35,"column":13}},"6":{"start":{"line":24,"column":12},"end":{"line":34,"column":13}},"7":{"start":{"line":25,"column":16},"end":{"line":28,"column":30}},"8":{"start":{"line":30,"column":16},"end":{"line":33,"column":27}},"9":{"start":{"line":37,"column":8},"end":{"line":39,"column":21}},"10":{"start":{"line":40,"column":8},"end":{"line":53,"column":9}},"11":{"start":{"line":43,"column":12},"end":{"line":46,"column":14}},"12":{"start":{"line":47,"column":12},"end":{"line":47,"column":18}},"13":{"start":{"line":50,"column":12},"end":{"line":51,"column":46}},"14":{"start":{"line":52,"column":12},"end":{"line":52,"column":18}},"15":{"start":{"line":55,"column":8},"end":{"line":55,"column":35}},"16":{"start":{"line":61,"column":4},"end":{"line":63,"column":9}},"17":{"start":{"line":62,"column":8},"end":{"line":62,"column":15}},"18":{"start":{"line":64,"column":4},"end":{"line":77,"column":5}},"19":{"start":{"line":70,"column":8},"end":{"line":70,"column":14}},"20":{"start":{"line":76,"column":8},"end":{"line":76,"column":14}},"21":{"start":{"line":82,"column":4},"end":{"line":84,"column":9}},"22":{"start":{"line":83,"column":8},"end":{"line":83,"column":15}},"23":{"start":{"line":85,"column":4},"end":{"line":194,"column":5}},"24":{"start":{"line":91,"column":8},"end":{"line":99,"column":10}},"25":{"start":{"line":98,"column":12},"end":{"line":98,"column":35}},"26":{"start":{"line":102,"column":8},"end":{"line":104,"column":63}},"27":{"start":{"line":105,"column":8},"end":{"line":105,"column":14}},"28":{"start":{"line":112,"column":8},"end":{"line":121,"column":10},"skip":true},"29":{"start":{"line":119,"column":12},"end":{"line":119,"column":55},"skip":true},"30":{"start":{"line":120,"column":12},"end":{"line":120,"column":48},"skip":true},"31":{"start":{"line":123,"column":8},"end":{"line":136,"column":10},"skip":true},"32":{"start":{"line":130,"column":12},"end":{"line":130,"column":76},"skip":true},"33":{"start":{"line":131,"column":12},"end":{"line":131,"column":73},"skip":true},"34":{"start":{"line":132,"column":12},"end":{"line":132,"column":74},"skip":true},"35":{"start":{"line":133,"column":12},"end":{"line":133,"column":79},"skip":true},"36":{"start":{"line":134,"column":12},"end":{"line":134,"column":25},"skip":true},"37":{"start":{"line":135,"column":12},"end":{"line":135,"column":45},"skip":true},"38":{"start":{"line":138,"column":8},"end":{"line":145,"column":14},"skip":true},"39":{"start":{"line":143,"column":16},"end":{"line":143,"column":29},"skip":true},"40":{"start":{"line":144,"column":16},"end":{"line":144,"column":55},"skip":true},"41":{"start":{"line":147,"column":8},"end":{"line":156,"column":10},"skip":true},"42":{"start":{"line":154,"column":12},"end":{"line":154,"column":25},"skip":true},"43":{"start":{"line":155,"column":12},"end":{"line":155,"column":45},"skip":true},"44":{"start":{"line":158,"column":8},"end":{"line":167,"column":10},"skip":true},"45":{"start":{"line":165,"column":12},"end":{"line":165,"column":25},"skip":true},"46":{"start":{"line":166,"column":12},"end":{"line":166,"column":48},"skip":true},"47":{"start":{"line":169,"column":8},"end":{"line":178,"column":10},"skip":true},"48":{"start":{"line":176,"column":12},"end":{"line":176,"column":25},"skip":true},"49":{"start":{"line":177,"column":12},"end":{"line":177,"column":46},"skip":true},"50":{"start":{"line":180,"column":8},"end":{"line":189,"column":10},"skip":true},"51":{"start":{"line":187,"column":12},"end":{"line":187,"column":94},"skip":true},"52":{"start":{"line":188,"column":12},"end":{"line":188,"column":48},"skip":true},"53":{"start":{"line":192,"column":8},"end":{"line":192,"column":35},"skip":true},"54":{"start":{"line":193,"column":8},"end":{"line":193,"column":14},"skip":true}},"branchMap":{"1":{"line":25,"type":"binary-expr","locations":[{"start":{"line":25,"column":23},"end":{"line":25,"column":62}},{"start":{"line":26,"column":20},"end":{"line":26,"column":70}},{"start":{"line":27,"column":20},"end":{"line":27,"column":71}},{"start":{"line":28,"column":20},"end":{"line":28,"column":29}}]},"2":{"line":30,"type":"binary-expr","locations":[{"start":{"line":30,"column":23},"end":{"line":30,"column":37}},{"start":{"line":31,"column":20},"end":{"line":31,"column":61}},{"start":{"line":32,"column":20},"end":{"line":32,"column":70}},{"start":{"line":33,"column":20},"end":{"line":33,"column":26}}]},"3":{"line":37,"type":"cond-expr","locations":[{"start":{"line":38,"column":14},"end":{"line":38,"column":20}},{"start":{"line":39,"column":14},"end":{"line":39,"column":20}}]},"4":{"line":40,"type":"switch","locations":[{"start":{"line":42,"column":8},"end":{"line":47,"column":18}},{"start":{"line":49,"column":8},"end":{"line":52,"column":18}}]},"5":{"line":44,"type":"binary-expr","locations":[{"start":{"line":44,"column":16},"end":{"line":44,"column":44}},{"start":{"line":44,"column":48},"end":{"line":44,"column":66}}]},"6":{"line":50,"type":"binary-expr","locations":[{"start":{"line":50,"column":21},"end":{"line":50,"column":49}},{"start":{"line":50,"column":53},"end":{"line":50,"column":72}}]},"7":{"line":64,"type":"switch","locations":[{"start":{"line":69,"column":4},"end":{"line":70,"column":14}},{"start":{"line":75,"column":4},"end":{"line":76,"column":14}}]},"8":{"line":85,"type":"switch","locations":[{"start":{"line":90,"column":4},"end":{"line":105,"column":14}},{"start":{"line":111,"column":4},"end":{"line":193,"column":14},"skip":true}]},"9":{"line":91,"type":"binary-expr","locations":[{"start":{"line":91,"column":42},"end":{"line":91,"column":73}},{"start":{"line":91,"column":77},"end":{"line":99,"column":9}}]},"10":{"line":102,"type":"binary-expr","locations":[{"start":{"line":102,"column":18},"end":{"line":102,"column":32}},{"start":{"line":103,"column":12},"end":{"line":103,"column":53}},{"start":{"line":104,"column":12},"end":{"line":104,"column":61}}]},"11":{"line":112,"type":"binary-expr","locations":[{"start":{"line":112,"column":45},"end":{"line":112,"column":79},"skip":true},{"start":{"line":112,"column":83},"end":{"line":121,"column":9},"skip":true}]},"12":{"line":123,"type":"binary-expr","locations":[{"start":{"line":123,"column":42},"end":{"line":123,"column":73},"skip":true},{"start":{"line":123,"column":77},"end":{"line":136,"column":9},"skip":true}]},"13":{"line":138,"type":"binary-expr","locations":[{"start":{"line":138,"column":48},"end":{"line":138,"column":85},"skip":true},{"start":{"line":139,"column":12},"end":{"line":145,"column":13},"skip":true}]},"14":{"line":147,"type":"binary-expr","locations":[{"start":{"line":147,"column":42},"end":{"line":147,"column":73},"skip":true},{"start":{"line":147,"column":77},"end":{"line":156,"column":9},"skip":true}]},"15":{"line":158,"type":"binary-expr","locations":[{"start":{"line":158,"column":45},"end":{"line":158,"column":79},"skip":true},{"start":{"line":158,"column":83},"end":{"line":167,"column":9},"skip":true}]},"16":{"line":169,"type":"binary-expr","locations":[{"start":{"line":169,"column":43},"end":{"line":169,"column":75},"skip":true},{"start":{"line":169,"column":79},"end":{"line":178,"column":9},"skip":true}]},"17":{"line":180,"type":"binary-expr","locations":[{"start":{"line":180,"column":41},"end":{"line":180,"column":71},"skip":true},{"start":{"line":180,"column":75},"end":{"line":189,"column":9},"skip":true}]}},"code":["/* istanbul instrument in package npmtest_inert */","/*jslint","    bitwise: true,","    browser: true,","    maxerr: 8,","    maxlen: 96,","    node: true,","    nomen: true,","    regexp: true,","    stupid: true","*/","(function () {","    'use strict';","    var local;","","","","    // run shared js-env code - pre-init","    (function () {","        // init local","        local = {};","        // init modeJs","        local.modeJs = (function () {","            try {","                return typeof navigator.userAgent === 'string' &&","                    typeof document.querySelector('body') === 'object' &&","                    typeof XMLHttpRequest.prototype.open === 'function' &&","                    'browser';","            } catch (errorCaughtBrowser) {","                return module.exports &&","                    typeof process.versions.node === 'string' &&","                    typeof require('http').createServer === 'function' &&","                    'node';","            }","        }());","        // init global","        local.global = local.modeJs === 'browser'","            ? window","            : global;","        switch (local.modeJs) {","        // re-init local from window.local","        case 'browser':","            local = local.global.utility2.objectSetDefault(","                local.global.utility2_rollup || local.global.local,","                local.global.utility2","            );","            break;","        // re-init local from example.js","        case 'node':","            local = (local.global.utility2_rollup || require('utility2'))","                .requireExampleJsFromReadme();","            break;","        }","        // export local","        local.global.local = local;","    }());","","","","    // run shared js-env code - function","    (function () {","        return;","    }());","    switch (local.modeJs) {","","","","    // run browser js-env code - function","    case 'browser':","        break;","","","","    // run node js-env code - function","    case 'node':","        break;","    }","","","","    // run shared js-env code - post-init","    (function () {","        return;","    }());","    switch (local.modeJs) {","","","","    // run browser js-env code - post-init","    case 'browser':","        local.testCase_browser_nullCase = local.testCase_browser_nullCase || function (","            options,","            onError","        ) {","        /*","         * this function will test browsers's null-case handling-behavior-behavior","         */","            onError(null, options);","        };","","        // run tests","        local.nop(local.modeTest &&","            document.querySelector('#testRunButton1') &&","            document.querySelector('#testRunButton1').click());","        break;","","","","    // run node js-env code - post-init","    /* istanbul ignore next */","    case 'node':","        local.testCase_buildApidoc_default = local.testCase_buildApidoc_default || function (","            options,","            onError","        ) {","        /*","         * this function will test buildApidoc's default handling-behavior-behavior","         */","            options = { modulePathList: module.paths };","            local.buildApidoc(options, onError);","        };","","        local.testCase_buildApp_default = local.testCase_buildApp_default || function (","            options,","            onError","        ) {","        /*","         * this function will test buildApp's default handling-behavior-behavior","         */","            local.testCase_buildReadme_default(options, local.onErrorThrow);","            local.testCase_buildLib_default(options, local.onErrorThrow);","            local.testCase_buildTest_default(options, local.onErrorThrow);","            local.testCase_buildCustomOrg_default(options, local.onErrorThrow);","            options = [];","            local.buildApp(options, onError);","        };","","        local.testCase_buildCustomOrg_default = local.testCase_buildCustomOrg_default ||","            function (options, onError) {","            /*","             * this function will test buildCustomOrg's default handling-behavior","             */","                options = {};","                local.buildCustomOrg(options, onError);","            };","","        local.testCase_buildLib_default = local.testCase_buildLib_default || function (","            options,","            onError","        ) {","        /*","         * this function will test buildLib's default handling-behavior","         */","            options = {};","            local.buildLib(options, onError);","        };","","        local.testCase_buildReadme_default = local.testCase_buildReadme_default || function (","            options,","            onError","        ) {","        /*","         * this function will test buildReadme's default handling-behavior-behavior","         */","            options = {};","            local.buildReadme(options, onError);","        };","","        local.testCase_buildTest_default = local.testCase_buildTest_default || function (","            options,","            onError","        ) {","        /*","         * this function will test buildTest's default handling-behavior","         */","            options = {};","            local.buildTest(options, onError);","        };","","        local.testCase_webpage_default = local.testCase_webpage_default || function (","            options,","            onError","        ) {","        /*","         * this function will test webpage's default handling-behavior","         */","            options = { modeCoverageMerge: true, url: local.serverLocalHost + '?modeTest=1' };","            local.browserTest(options, onError);","        };","","        // run test-server","        local.testRunServer(local);","        break;","    }","}());",""],"l":{"12":2,"14":2,"19":2,"21":2,"23":2,"24":2,"25":2,"30":1,"37":2,"40":2,"43":1,"47":1,"50":1,"52":1,"55":2,"61":2,"62":2,"64":2,"70":1,"76":1,"82":2,"83":2,"85":2,"91":1,"98":1,"102":1,"105":1,"112":1,"119":1,"120":1,"123":1,"130":1,"131":1,"132":1,"133":1,"134":1,"135":1,"138":1,"143":2,"144":2,"147":1,"154":2,"155":2,"158":1,"165":2,"166":2,"169":1,"176":2,"177":2,"180":1,"187":1,"188":1,"192":1,"193":1}},"/home/travis/build/npmtest/node-npmtest-inert/lib.npmtest_inert.js":{"path":"/home/travis/build/npmtest/node-npmtest-inert/lib.npmtest_inert.js","s":{"1":2,"2":2,"3":2,"4":2,"5":2,"6":2,"7":2,"8":1,"9":2,"10":2,"11":2,"12":2,"13":1,"14":1,"15":1,"16":1},"b":{"1":[2,1,1,1],"2":[1,1,1,1],"3":[1,1],"4":[2,2],"5":[1,1]},"f":{"1":2,"2":2,"3":2},"fnMap":{"1":{"name":"(anonymous_1)","line":12,"loc":{"start":{"line":12,"column":1},"end":{"line":12,"column":13}}},"2":{"name":"(anonymous_2)","line":19,"loc":{"start":{"line":19,"column":5},"end":{"line":19,"column":17}}},"3":{"name":"(anonymous_3)","line":23,"loc":{"start":{"line":23,"column":24},"end":{"line":23,"column":36}}}},"statementMap":{"1":{"start":{"line":12,"column":0},"end":{"line":53,"column":5}},"2":{"start":{"line":14,"column":4},"end":{"line":14,"column":14}},"3":{"start":{"line":19,"column":4},"end":{"line":52,"column":9}},"4":{"start":{"line":21,"column":8},"end":{"line":21,"column":19}},"5":{"start":{"line":23,"column":8},"end":{"line":35,"column":13}},"6":{"start":{"line":24,"column":12},"end":{"line":34,"column":13}},"7":{"start":{"line":25,"column":16},"end":{"line":28,"column":30}},"8":{"start":{"line":30,"column":16},"end":{"line":33,"column":27}},"9":{"start":{"line":37,"column":8},"end":{"line":39,"column":21}},"10":{"start":{"line":41,"column":8},"end":{"line":41,"column":54}},"11":{"start":{"line":43,"column":8},"end":{"line":43,"column":50}},"12":{"start":{"line":45,"column":8},"end":{"line":51,"column":9}},"13":{"start":{"line":46,"column":12},"end":{"line":46,"column":56}},"14":{"start":{"line":48,"column":12},"end":{"line":48,"column":35}},"15":{"start":{"line":49,"column":12},"end":{"line":49,"column":49}},"16":{"start":{"line":50,"column":12},"end":{"line":50,"column":43}}},"branchMap":{"1":{"line":25,"type":"binary-expr","locations":[{"start":{"line":25,"column":23},"end":{"line":25,"column":62}},{"start":{"line":26,"column":20},"end":{"line":26,"column":70}},{"start":{"line":27,"column":20},"end":{"line":27,"column":71}},{"start":{"line":28,"column":20},"end":{"line":28,"column":29}}]},"2":{"line":30,"type":"binary-expr","locations":[{"start":{"line":30,"column":23},"end":{"line":30,"column":37}},{"start":{"line":31,"column":20},"end":{"line":31,"column":61}},{"start":{"line":32,"column":20},"end":{"line":32,"column":70}},{"start":{"line":33,"column":20},"end":{"line":33,"column":26}}]},"3":{"line":37,"type":"cond-expr","locations":[{"start":{"line":38,"column":14},"end":{"line":38,"column":20}},{"start":{"line":39,"column":14},"end":{"line":39,"column":20}}]},"4":{"line":41,"type":"binary-expr","locations":[{"start":{"line":41,"column":16},"end":{"line":41,"column":44}},{"start":{"line":41,"column":48},"end":{"line":41,"column":53}}]},"5":{"line":45,"type":"if","locations":[{"start":{"line":45,"column":8},"end":{"line":45,"column":8}},{"start":{"line":45,"column":8},"end":{"line":45,"column":8}}]}},"code":["/* istanbul instrument in package npmtest_inert */","/*jslint","    bitwise: true,","    browser: true,","    maxerr: 8,","    maxlen: 96,","    node: true,","    nomen: true,","    regexp: true,","    stupid: true","*/","(function () {","    'use strict';","    var local;","","","","    // run shared js-env code - pre-init","    (function () {","        // init local","        local = {};","        // init modeJs","        local.modeJs = (function () {","            try {","                return typeof navigator.userAgent === 'string' &&","                    typeof document.querySelector('body') === 'object' &&","                    typeof XMLHttpRequest.prototype.open === 'function' &&","                    'browser';","            } catch (errorCaughtBrowser) {","                return module.exports &&","                    typeof process.versions.node === 'string' &&","                    typeof require('http').createServer === 'function' &&","                    'node';","            }","        }());","        // init global","        local.global = local.modeJs === 'browser'","            ? window","            : global;","        // init utility2_rollup","        local = local.global.utility2_rollup || local;","        // init lib","        local.local = local.npmtest_inert = local;","        // init exports","        if (local.modeJs === 'browser') {","            local.global.utility2_npmtest_inert = local;","        } else {","            module.exports = local;","            module.exports.__dirname = __dirname;","            module.exports.module = module;","        }","    }());","}());",""],"l":{"12":2,"14":2,"19":2,"21":2,"23":2,"24":2,"25":2,"30":1,"37":2,"41":2,"43":2,"45":2,"46":1,"48":1,"49":1,"50":1}},"/home/travis/build/npmtest/node-npmtest-inert/example.js":{"path":"/home/travis/build/npmtest/node-npmtest-inert/example.js","s":{"1":2,"2":2,"3":2,"4":2,"5":2,"6":2,"7":2,"8":1,"9":2,"10":2,"11":2,"12":2,"13":1,"14":2,"15":2,"16":2,"17":2,"18":2,"19":0,"20":2,"21":1,"22":1,"23":1,"24":1,"25":1,"26":0,"27":0,"28":1,"29":1,"30":2,"31":0,"32":0,"33":0,"34":1,"35":2,"36":2,"37":3,"38":3,"39":3,"40":3,"41":0,"42":3,"43":3,"44":3,"45":1,"46":3,"47":1,"48":1,"49":1,"50":1,"51":1,"52":1,"53":1,"54":1,"55":1,"56":1,"57":0,"58":1,"59":6,"60":6,"61":1,"62":2,"63":0,"64":2,"65":1,"66":1,"67":0,"68":0,"69":0,"70":0,"71":0,"72":0,"73":0,"74":0,"75":0,"76":0,"77":0,"78":0,"79":0,"80":0,"81":0,"82":0,"83":0},"b":{"1":[2,1,1,1],"2":[1,1,1,1],"3":[1,1],"4":[2,2],"5":[1,1],"6":[1,1],"7":[2,0],"8":[2,1,1,1,1,1],"9":[0,2,0],"10":[1,1],"11":[2,1,1],"12":[1,0],"13":[0,2],"14":[2,0,0,0,0,0,0],"15":[0,3],"16":[3,0],"17":[1,1],"18":[0,1],"19":[1,2,0,2],"20":[1,0],"21":[1,1],"22":[0,0],"23":[0,0],"24":[0,0],"25":[0,0],"26":[0,0],"27":[0,0],"28":[0,0]},"f":{"1":2,"2":2,"3":2,"4":2,"5":2,"6":2,"7":3,"8":3,"9":3,"10":1,"11":6,"12":0},"fnMap":{"1":{"name":"(anonymous_1)","line":26,"loc":{"start":{"line":26,"column":1},"end":{"line":26,"column":13}}},"2":{"name":"(anonymous_2)","line":33,"loc":{"start":{"line":33,"column":5},"end":{"line":33,"column":17}}},"3":{"name":"(anonymous_3)","line":37,"loc":{"start":{"line":37,"column":24},"end":{"line":37,"column":36}}},"4":{"name":"(anonymous_4)","line":69,"loc":{"start":{"line":69,"column":31},"end":{"line":69,"column":48}},"skip":true},"5":{"name":"(anonymous_5)","line":78,"loc":{"start":{"line":78,"column":26},"end":{"line":78,"column":45}},"skip":true},"6":{"name":"(anonymous_6)","line":123,"loc":{"start":{"line":123,"column":33},"end":{"line":123,"column":48}},"skip":true},"7":{"name":"(anonymous_7)","line":125,"loc":{"start":{"line":125,"column":27},"end":{"line":125,"column":39}},"skip":true},"8":{"name":"(anonymous_8)","line":133,"loc":{"start":{"line":133,"column":59},"end":{"line":133,"column":74}},"skip":true},"9":{"name":"(anonymous_9)","line":143,"loc":{"start":{"line":143,"column":45},"end":{"line":143,"column":62}},"skip":true},"10":{"name":"(anonymous_10)","line":144,"loc":{"start":{"line":144,"column":73},"end":{"line":144,"column":92}},"skip":true},"11":{"name":"(anonymous_11)","line":272,"loc":{"start":{"line":272,"column":51},"end":{"line":272,"column":77}},"skip":true},"12":{"name":"(anonymous_12)","line":315,"loc":{"start":{"line":315,"column":32},"end":{"line":315,"column":61}},"skip":true}},"statementMap":{"1":{"start":{"line":26,"column":0},"end":{"line":326,"column":5}},"2":{"start":{"line":28,"column":4},"end":{"line":28,"column":14}},"3":{"start":{"line":33,"column":4},"end":{"line":60,"column":9}},"4":{"start":{"line":35,"column":8},"end":{"line":35,"column":19}},"5":{"start":{"line":37,"column":8},"end":{"line":49,"column":13}},"6":{"start":{"line":38,"column":12},"end":{"line":48,"column":13}},"7":{"start":{"line":39,"column":16},"end":{"line":42,"column":30}},"8":{"start":{"line":44,"column":16},"end":{"line":47,"column":27}},"9":{"start":{"line":51,"column":8},"end":{"line":53,"column":21}},"10":{"start":{"line":55,"column":8},"end":{"line":57,"column":45}},"11":{"start":{"line":59,"column":8},"end":{"line":59,"column":35}},"12":{"start":{"line":61,"column":4},"end":{"line":325,"column":5}},"13":{"start":{"line":69,"column":8},"end":{"line":121,"column":10},"skip":true},"14":{"start":{"line":70,"column":12},"end":{"line":88,"column":13},"skip":true},"15":{"start":{"line":76,"column":16},"end":{"line":87,"column":19},"skip":true},"16":{"start":{"line":79,"column":20},"end":{"line":86,"column":21},"skip":true},"17":{"start":{"line":82,"column":24},"end":{"line":82,"column":43},"skip":true},"18":{"start":{"line":83,"column":24},"end":{"line":83,"column":30},"skip":true},"19":{"start":{"line":85,"column":24},"end":{"line":85,"column":49},"skip":true},"20":{"start":{"line":89,"column":12},"end":{"line":107,"column":13},"skip":true},"21":{"start":{"line":92,"column":16},"end":{"line":102,"column":17},"skip":true},"22":{"start":{"line":93,"column":20},"end":{"line":93,"column":86},"skip":true},"23":{"start":{"line":94,"column":20},"end":{"line":95,"column":45},"skip":true},"24":{"start":{"line":96,"column":20},"end":{"line":96,"column":42},"skip":true},"25":{"start":{"line":97,"column":20},"end":{"line":97,"column":48},"skip":true},"26":{"start":{"line":100,"column":20},"end":{"line":100,"column":85},"skip":true},"27":{"start":{"line":101,"column":20},"end":{"line":101,"column":96},"skip":true},"28":{"start":{"line":103,"column":16},"end":{"line":103,"column":22},"skip":true},"29":{"start":{"line":106,"column":16},"end":{"line":106,"column":22},"skip":true},"30":{"start":{"line":108,"column":12},"end":{"line":120,"column":13},"skip":true},"31":{"start":{"line":114,"column":16},"end":{"line":119,"column":17},"skip":true},"32":{"start":{"line":116,"column":20},"end":{"line":116,"column":78},"skip":true},"33":{"start":{"line":118,"column":20},"end":{"line":118,"column":47},"skip":true},"34":{"start":{"line":123,"column":8},"end":{"line":141,"column":11},"skip":true},"35":{"start":{"line":124,"column":12},"end":{"line":124,"column":54},"skip":true},"36":{"start":{"line":125,"column":12},"end":{"line":140,"column":14},"skip":true},"37":{"start":{"line":126,"column":16},"end":{"line":126,"column":28},"skip":true},"38":{"start":{"line":127,"column":16},"end":{"line":127,"column":69},"skip":true},"39":{"start":{"line":128,"column":16},"end":{"line":128,"column":75},"skip":true},"40":{"start":{"line":129,"column":16},"end":{"line":131,"column":17},"skip":true},"41":{"start":{"line":130,"column":20},"end":{"line":130,"column":27},"skip":true},"42":{"start":{"line":133,"column":16},"end":{"line":137,"column":36},"skip":true},"43":{"start":{"line":134,"column":20},"end":{"line":136,"column":55},"skip":true},"44":{"start":{"line":139,"column":16},"end":{"line":139,"column":57},"skip":true},"45":{"start":{"line":143,"column":8},"end":{"line":147,"column":11},"skip":true},"46":{"start":{"line":144,"column":12},"end":{"line":146,"column":15},"skip":true},"47":{"start":{"line":145,"column":16},"end":{"line":145,"column":70},"skip":true},"48":{"start":{"line":149,"column":8},"end":{"line":149,"column":31},"skip":true},"49":{"start":{"line":150,"column":8},"end":{"line":150,"column":14},"skip":true},"50":{"start":{"line":158,"column":8},"end":{"line":158,"column":31},"skip":true},"51":{"start":{"line":160,"column":8},"end":{"line":160,"column":33},"skip":true},"52":{"start":{"line":161,"column":8},"end":{"line":161,"column":37},"skip":true},"53":{"start":{"line":162,"column":8},"end":{"line":162,"column":35},"skip":true},"54":{"start":{"line":164,"column":8},"end":{"line":164,"column":50},"skip":true},"55":{"start":{"line":166,"column":8},"end":{"line":256,"column":2},"skip":true},"56":{"start":{"line":258,"column":8},"end":{"line":286,"column":9},"skip":true},"57":{"start":{"line":259,"column":12},"end":{"line":269,"column":14},"skip":true},"58":{"start":{"line":271,"column":12},"end":{"line":285,"column":19},"skip":true},"59":{"start":{"line":274,"column":20},"end":{"line":274,"column":35},"skip":true},"60":{"start":{"line":275,"column":20},"end":{"line":284,"column":21},"skip":true},"61":{"start":{"line":277,"column":24},"end":{"line":277,"column":64},"skip":true},"62":{"start":{"line":279,"column":24},"end":{"line":279,"column":40},"skip":true},"63":{"start":{"line":281,"column":24},"end":{"line":281,"column":40},"skip":true},"64":{"start":{"line":283,"column":24},"end":{"line":283,"column":39},"skip":true},"65":{"start":{"line":288,"column":8},"end":{"line":290,"column":9},"skip":true},"66":{"start":{"line":289,"column":12},"end":{"line":289,"column":18},"skip":true},"67":{"start":{"line":291,"column":8},"end":{"line":293,"column":54},"skip":true},"68":{"start":{"line":296,"column":8},"end":{"line":301,"column":37},"skip":true},"69":{"start":{"line":303,"column":8},"end":{"line":303,"column":82},"skip":true},"70":{"start":{"line":306,"column":8},"end":{"line":308,"column":9},"skip":true},"71":{"start":{"line":307,"column":12},"end":{"line":307,"column":82},"skip":true},"72":{"start":{"line":310,"column":8},"end":{"line":312,"column":9},"skip":true},"73":{"start":{"line":311,"column":12},"end":{"line":311,"column":18},"skip":true},"74":{"start":{"line":313,"column":8},"end":{"line":313,"column":54},"skip":true},"75":{"start":{"line":314,"column":8},"end":{"line":314,"column":69},"skip":true},"76":{"start":{"line":315,"column":8},"end":{"line":323,"column":36},"skip":true},"77":{"start":{"line":316,"column":12},"end":{"line":316,"column":61},"skip":true},"78":{"start":{"line":317,"column":12},"end":{"line":320,"column":13},"skip":true},"79":{"start":{"line":318,"column":16},"end":{"line":318,"column":75},"skip":true},"80":{"start":{"line":319,"column":16},"end":{"line":319,"column":23},"skip":true},"81":{"start":{"line":321,"column":12},"end":{"line":321,"column":38},"skip":true},"82":{"start":{"line":322,"column":12},"end":{"line":322,"column":27},"skip":true},"83":{"start":{"line":324,"column":8},"end":{"line":324,"column":14},"skip":true}},"branchMap":{"1":{"line":39,"type":"binary-expr","locations":[{"start":{"line":39,"column":23},"end":{"line":39,"column":62}},{"start":{"line":40,"column":20},"end":{"line":40,"column":70}},{"start":{"line":41,"column":20},"end":{"line":41,"column":71}},{"start":{"line":42,"column":20},"end":{"line":42,"column":29}}]},"2":{"line":44,"type":"binary-expr","locations":[{"start":{"line":44,"column":23},"end":{"line":44,"column":37}},{"start":{"line":45,"column":20},"end":{"line":45,"column":61}},{"start":{"line":46,"column":20},"end":{"line":46,"column":70}},{"start":{"line":47,"column":20},"end":{"line":47,"column":26}}]},"3":{"line":51,"type":"cond-expr","locations":[{"start":{"line":52,"column":14},"end":{"line":52,"column":20}},{"start":{"line":53,"column":14},"end":{"line":53,"column":20}}]},"4":{"line":55,"type":"binary-expr","locations":[{"start":{"line":55,"column":16},"end":{"line":55,"column":44}},{"start":{"line":55,"column":49},"end":{"line":57,"column":43}}]},"5":{"line":55,"type":"cond-expr","locations":[{"start":{"line":56,"column":14},"end":{"line":56,"column":49}},{"start":{"line":57,"column":14},"end":{"line":57,"column":43}}]},"6":{"line":61,"type":"switch","locations":[{"start":{"line":68,"column":4},"end":{"line":150,"column":14},"skip":true},{"start":{"line":156,"column":4},"end":{"line":324,"column":14},"skip":true}]},"7":{"line":70,"type":"if","locations":[{"start":{"line":70,"column":12},"end":{"line":70,"column":12},"skip":true},{"start":{"line":70,"column":12},"end":{"line":70,"column":12},"skip":true}]},"8":{"line":70,"type":"binary-expr","locations":[{"start":{"line":70,"column":16},"end":{"line":70,"column":22},"skip":true},{"start":{"line":70,"column":27},"end":{"line":70,"column":32},"skip":true},{"start":{"line":71,"column":20},"end":{"line":71,"column":39},"skip":true},{"start":{"line":72,"column":20},"end":{"line":72,"column":49},"skip":true},{"start":{"line":73,"column":20},"end":{"line":73,"column":58},"skip":true},{"start":{"line":74,"column":20},"end":{"line":74,"column":69},"skip":true}]},"9":{"line":79,"type":"switch","locations":[{"start":{"line":80,"column":20},"end":{"line":80,"column":33},"skip":true},{"start":{"line":81,"column":20},"end":{"line":83,"column":30},"skip":true},{"start":{"line":84,"column":20},"end":{"line":85,"column":49},"skip":true}]},"10":{"line":89,"type":"switch","locations":[{"start":{"line":90,"column":12},"end":{"line":103,"column":22},"skip":true},{"start":{"line":105,"column":12},"end":{"line":106,"column":22},"skip":true}]},"11":{"line":89,"type":"binary-expr","locations":[{"start":{"line":89,"column":20},"end":{"line":89,"column":25},"skip":true},{"start":{"line":89,"column":29},"end":{"line":89,"column":48},"skip":true},{"start":{"line":89,"column":52},"end":{"line":89,"column":74},"skip":true}]},"12":{"line":92,"type":"if","locations":[{"start":{"line":92,"column":16},"end":{"line":92,"column":16},"skip":true},{"start":{"line":92,"column":16},"end":{"line":92,"column":16},"skip":true}]},"13":{"line":108,"type":"if","locations":[{"start":{"line":108,"column":12},"end":{"line":108,"column":12},"skip":true},{"start":{"line":108,"column":12},"end":{"line":108,"column":12},"skip":true}]},"14":{"line":108,"type":"binary-expr","locations":[{"start":{"line":108,"column":16},"end":{"line":108,"column":61},"skip":true},{"start":{"line":108,"column":66},"end":{"line":108,"column":72},"skip":true},{"start":{"line":108,"column":77},"end":{"line":108,"column":82},"skip":true},{"start":{"line":109,"column":20},"end":{"line":109,"column":39},"skip":true},{"start":{"line":110,"column":20},"end":{"line":110,"column":49},"skip":true},{"start":{"line":111,"column":20},"end":{"line":111,"column":58},"skip":true},{"start":{"line":112,"column":20},"end":{"line":112,"column":68},"skip":true}]},"15":{"line":129,"type":"if","locations":[{"start":{"line":129,"column":16},"end":{"line":129,"column":16},"skip":true},{"start":{"line":129,"column":16},"end":{"line":129,"column":16},"skip":true}]},"16":{"line":134,"type":"cond-expr","locations":[{"start":{"line":135,"column":26},"end":{"line":135,"column":29},"skip":true},{"start":{"line":136,"column":26},"end":{"line":136,"column":54},"skip":true}]},"17":{"line":164,"type":"binary-expr","locations":[{"start":{"line":164,"column":27},"end":{"line":164,"column":43},"skip":true},{"start":{"line":164,"column":47},"end":{"line":164,"column":49},"skip":true}]},"18":{"line":258,"type":"if","locations":[{"start":{"line":258,"column":8},"end":{"line":258,"column":8},"skip":true},{"start":{"line":258,"column":8},"end":{"line":258,"column":8},"skip":true}]},"19":{"line":275,"type":"switch","locations":[{"start":{"line":276,"column":20},"end":{"line":277,"column":64},"skip":true},{"start":{"line":278,"column":20},"end":{"line":279,"column":40},"skip":true},{"start":{"line":280,"column":20},"end":{"line":281,"column":40},"skip":true},{"start":{"line":282,"column":20},"end":{"line":283,"column":39},"skip":true}]},"20":{"line":288,"type":"if","locations":[{"start":{"line":288,"column":8},"end":{"line":288,"column":8},"skip":true},{"start":{"line":288,"column":8},"end":{"line":288,"column":8},"skip":true}]},"21":{"line":288,"type":"binary-expr","locations":[{"start":{"line":288,"column":12},"end":{"line":288,"column":40},"skip":true},{"start":{"line":288,"column":44},"end":{"line":288,"column":67},"skip":true}]},"22":{"line":292,"type":"binary-expr","locations":[{"start":{"line":292,"column":12},"end":{"line":292,"column":50},"skip":true},{"start":{"line":293,"column":12},"end":{"line":293,"column":53},"skip":true}]},"23":{"line":297,"type":"binary-expr","locations":[{"start":{"line":297,"column":12},"end":{"line":297,"column":63},"skip":true},{"start":{"line":298,"column":12},"end":{"line":301,"column":36},"skip":true}]},"24":{"line":303,"type":"binary-expr","locations":[{"start":{"line":303,"column":43},"end":{"line":303,"column":75},"skip":true},{"start":{"line":303,"column":79},"end":{"line":303,"column":81},"skip":true}]},"25":{"line":306,"type":"if","locations":[{"start":{"line":306,"column":8},"end":{"line":306,"column":8},"skip":true},{"start":{"line":306,"column":8},"end":{"line":306,"column":8},"skip":true}]},"26":{"line":310,"type":"if","locations":[{"start":{"line":310,"column":8},"end":{"line":310,"column":8},"skip":true},{"start":{"line":310,"column":8},"end":{"line":310,"column":8},"skip":true}]},"27":{"line":313,"type":"binary-expr","locations":[{"start":{"line":313,"column":27},"end":{"line":313,"column":43},"skip":true},{"start":{"line":313,"column":47},"end":{"line":313,"column":53},"skip":true}]},"28":{"line":317,"type":"if","locations":[{"start":{"line":317,"column":12},"end":{"line":317,"column":12},"skip":true},{"start":{"line":317,"column":12},"end":{"line":317,"column":12},"skip":true}]}},"code":["/*","example.js","","quickstart example","","instruction","    1. save this script as example.js","    2. run the shell command:","        $ npm install npmtest-inert && PORT=8081 node example.js","    3. play with the browser-demo on http://127.0.0.1:8081","*/","","","","/* istanbul instrument in package npmtest_inert */","/*jslint","    bitwise: true,","    browser: true,","    maxerr: 8,","    maxlen: 96,","    node: true,","    nomen: true,","    regexp: true,","    stupid: true","*/","(function () {","    'use strict';","    var local;","","","","    // run shared js-env code - pre-init","    (function () {","        // init local","        local = {};","        // init modeJs","        local.modeJs = (function () {","            try {","                return typeof navigator.userAgent === 'string' &&","                    typeof document.querySelector('body') === 'object' &&","                    typeof XMLHttpRequest.prototype.open === 'function' &&","                    'browser';","            } catch (errorCaughtBrowser) {","                return module.exports &&","                    typeof process.versions.node === 'string' &&","                    typeof require('http').createServer === 'function' &&","                    'node';","            }","        }());","        // init global","        local.global = local.modeJs === 'browser'","            ? window","            : global;","        // init utility2_rollup","        local = local.global.utility2_rollup || (local.modeJs === 'browser'","            ? local.global.utility2_npmtest_inert","            : global.utility2_moduleExports);","        // export local","        local.global.local = local;","    }());","    switch (local.modeJs) {","","","","    // post-init","    // run browser js-env code - post-init","    /* istanbul ignore next */","    case 'browser':","        local.testRunBrowser = function (event) {","            if (!event || (event &&","                    event.currentTarget &&","                    event.currentTarget.className &&","                    event.currentTarget.className.includes &&","                    event.currentTarget.className.includes('onreset'))) {","                // reset output","                Array.from(","                    document.querySelectorAll('body > .resettable')","                ).forEach(function (element) {","                    switch (element.tagName) {","                    case 'INPUT':","                    case 'TEXTAREA':","                        element.value = '';","                        break;","                    default:","                        element.textContent = '';","                    }","                });","            }","            switch (event && event.currentTarget && event.currentTarget.id) {","            case 'testRunButton1':","                // show tests","                if (document.querySelector('#testReportDiv1').style.display === 'none') {","                    document.querySelector('#testReportDiv1').style.display = 'block';","                    document.querySelector('#testRunButton1').textContent =","                        'hide internal test';","                    local.modeTest = true;","                    local.testRunDefault(local);","                // hide tests","                } else {","                    document.querySelector('#testReportDiv1').style.display = 'none';","                    document.querySelector('#testRunButton1').textContent = 'run internal test';","                }","                break;","            // custom-case","            default:","                break;","            }","            if (document.querySelector('#inputTextareaEval1') && (!event || (event &&","                    event.currentTarget &&","                    event.currentTarget.className &&","                    event.currentTarget.className.includes &&","                    event.currentTarget.className.includes('oneval')))) {","                // try to eval input-code","                try {","                    /*jslint evil: true*/","                    eval(document.querySelector('#inputTextareaEval1').value);","                } catch (errorCaught) {","                    console.error(errorCaught);","                }","            }","        };","        // log stderr and stdout to #outputTextareaStdout1","        ['error', 'log'].forEach(function (key) {","            console[key + '_original'] = console[key];","            console[key] = function () {","                var element;","                console[key + '_original'].apply(console, arguments);","                element = document.querySelector('#outputTextareaStdout1');","                if (!element) {","                    return;","                }","                // append text to #outputTextareaStdout1","                element.value += Array.from(arguments).map(function (arg) {","                    return typeof arg === 'string'","                        ? arg","                        : JSON.stringify(arg, null, 4);","                }).join(' ') + '\\n';","                // scroll textarea to bottom","                element.scrollTop = element.scrollHeight;","            };","        });","        // init event-handling","        ['change', 'click', 'keyup'].forEach(function (event) {","            Array.from(document.querySelectorAll('.on' + event)).forEach(function (element) {","                element.addEventListener(event, local.testRunBrowser);","            });","        });","        // run tests","        local.testRunBrowser();","        break;","","","","    // run node js-env code - post-init","    /* istanbul ignore next */","    case 'node':","        // export local","        module.exports = local;","        // require modules","        local.fs = require('fs');","        local.http = require('http');","        local.url = require('url');","        // init assets","        local.assetsDict = local.assetsDict || {};","        /* jslint-ignore-begin */","        local.assetsDict['/assets.index.template.html'] = '\\","<!doctype html>\\n\\","<html lang=\"en\">\\n\\","<head>\\n\\","<meta charset=\"UTF-8\">\\n\\","<meta name=\"viewport\" content=\"width=device-width, initial-scale=1\">\\n\\","<title>{{env.npm_package_name}} (v{{env.npm_package_version}})</title>\\n\\","<style>\\n\\","/*csslint\\n\\","    box-sizing: false,\\n\\","    universal-selector: false\\n\\","*/\\n\\","* {\\n\\","    box-sizing: border-box;\\n\\","}\\n\\","body {\\n\\","    background: #dde;\\n\\","    font-family: Arial, Helvetica, sans-serif;\\n\\","    margin: 2rem;\\n\\","}\\n\\","body > * {\\n\\","    margin-bottom: 1rem;\\n\\","}\\n\\",".utility2FooterDiv {\\n\\","    margin-top: 20px;\\n\\","    text-align: center;\\n\\","}\\n\\","</style>\\n\\","<style>\\n\\","/*csslint\\n\\","*/\\n\\","textarea {\\n\\","    font-family: monospace;\\n\\","    height: 10rem;\\n\\","    width: 100%;\\n\\","}\\n\\","textarea[readonly] {\\n\\","    background: #ddd;\\n\\","}\\n\\","</style>\\n\\","</head>\\n\\","<body>\\n\\","<!-- utility2-comment\\n\\","<div id=\"ajaxProgressDiv1\" style=\"background: #d00; height: 2px; left: 0; margin: 0; padding: 0; position: fixed; top: 0; transition: background 0.5s, width 1.5s; width: 25%;\"></div>\\n\\","utility2-comment -->\\n\\","<h1>\\n\\","<!-- utility2-comment\\n\\","    <a\\n\\","        {{#if env.npm_package_homepage}}\\n\\","        href=\"{{env.npm_package_homepage}}\"\\n\\","        {{/if env.npm_package_homepage}}\\n\\","        target=\"_blank\"\\n\\","    >\\n\\","utility2-comment -->\\n\\","        {{env.npm_package_name}} (v{{env.npm_package_version}})\\n\\","<!-- utility2-comment\\n\\","    </a>\\n\\","utility2-comment -->\\n\\","</h1>\\n\\","<h3>{{env.npm_package_description}}</h3>\\n\\","<!-- utility2-comment\\n\\","<h4><a download href=\"assets.app.js\">download standalone app</a></h4>\\n\\","<button class=\"onclick onreset\" id=\"testRunButton1\">run internal test</button><br>\\n\\","<div id=\"testReportDiv1\" style=\"display: none;\"></div>\\n\\","utility2-comment -->\\n\\","\\n\\","\\n\\","\\n\\","<label>stderr and stdout</label>\\n\\","<textarea class=\"resettable\" id=\"outputTextareaStdout1\" readonly></textarea>\\n\\","<!-- utility2-comment\\n\\","{{#if isRollup}}\\n\\","<script src=\"assets.app.js\"></script>\\n\\","{{#unless isRollup}}\\n\\","utility2-comment -->\\n\\","<script src=\"assets.utility2.rollup.js\"></script>\\n\\","<script src=\"jsonp.utility2._stateInit?callback=window.utility2._stateInit\"></script>\\n\\","<script src=\"assets.npmtest_inert.rollup.js\"></script>\\n\\","<script src=\"assets.example.js\"></script>\\n\\","<script src=\"assets.test.js\"></script>\\n\\","<!-- utility2-comment\\n\\","{{/if isRollup}}\\n\\","utility2-comment -->\\n\\","<div class=\"utility2FooterDiv\">\\n\\","    [ this app was created with\\n\\","    <a href=\"https://github.com/kaizhu256/node-utility2\" target=\"_blank\">utility2</a>\\n\\","    ]\\n\\","</div>\\n\\","</body>\\n\\","</html>\\n\\","';","        /* jslint-ignore-end */","        if (local.templateRender) {","            local.assetsDict['/'] = local.templateRender(","                local.assetsDict['/assets.index.template.html'],","                {","                    env: local.objectSetDefault(local.env, {","                        npm_package_description: 'the greatest app in the world!',","                        npm_package_name: 'my-app',","                        npm_package_nameAlias: 'my_app',","                        npm_package_version: '0.0.1'","                    })","                }","            );","        } else {","            local.assetsDict['/'] = local.assetsDict['/assets.index.template.html']","                .replace((/\\{\\{env\\.(\\w+?)\\}\\}/g), function (match0, match1) {","                    // jslint-hack","                    String(match0);","                    switch (match1) {","                    case 'npm_package_description':","                        return 'the greatest app in the world!';","                    case 'npm_package_name':","                        return 'my-app';","                    case 'npm_package_nameAlias':","                        return 'my_app';","                    case 'npm_package_version':","                        return '0.0.1';","                    }","                });","        }","        // run the cli","        if (local.global.utility2_rollup || module !== require.main) {","            break;","        }","        local.assetsDict['/assets.example.js'] =","            local.assetsDict['/assets.example.js'] ||","            local.fs.readFileSync(__filename, 'utf8');","        // bug-workaround - long $npm_package_buildCustomOrg","        /* jslint-ignore-begin */","        local.assetsDict['/assets.npmtest_inert.rollup.js'] =","            local.assetsDict['/assets.npmtest_inert.rollup.js'] ||","            local.fs.readFileSync(","                local.npmtest_inert.__dirname + '/lib.npmtest_inert.js',","                'utf8'","            ).replace((/^#!/), '//');","        /* jslint-ignore-end */","        local.assetsDict['/favicon.ico'] = local.assetsDict['/favicon.ico'] || '';","        // if $npm_config_timeout_exit exists,","        // then exit this process after $npm_config_timeout_exit ms","        if (Number(process.env.npm_config_timeout_exit)) {","            setTimeout(process.exit, Number(process.env.npm_config_timeout_exit));","        }","        // start server","        if (local.global.utility2_serverHttp1) {","            break;","        }","        process.env.PORT = process.env.PORT || '8081';","        console.error('server starting on port ' + process.env.PORT);","        local.http.createServer(function (request, response) {","            request.urlParsed = local.url.parse(request.url);","            if (local.assetsDict[request.urlParsed.pathname] !== undefined) {","                response.end(local.assetsDict[request.urlParsed.pathname]);","                return;","            }","            response.statusCode = 404;","            response.end();","        }).listen(process.env.PORT);","        break;","    }","}());",""],"l":{"26":2,"28":2,"33":2,"35":2,"37":2,"38":2,"39":2,"44":1,"51":2,"55":2,"59":2,"61":2,"69":1,"70":2,"76":2,"79":2,"82":2,"83":2,"85":1,"89":2,"92":1,"93":1,"94":1,"96":1,"97":1,"100":1,"101":1,"103":1,"106":1,"108":2,"114":1,"116":1,"118":1,"123":1,"124":2,"125":2,"126":3,"127":3,"128":3,"129":3,"130":1,"133":3,"134":3,"139":3,"143":1,"144":3,"145":1,"149":1,"150":1,"158":1,"160":1,"161":1,"162":1,"164":1,"166":1,"258":1,"259":1,"271":1,"274":6,"275":6,"277":1,"279":2,"281":1,"283":2,"288":1,"289":1,"291":1,"296":1,"303":1,"306":1,"307":1,"310":1,"311":1,"313":1,"314":1,"315":1,"316":1,"317":1,"318":1,"319":1,"321":1,"322":1,"324":1}},"/home/travis/build/npmtest/node-npmtest-inert/node_modules/inert/lib/index.js":{"path":"/home/travis/build/npmtest/node-npmtest-inert/node_modules/inert/lib/index.js","s":{"1":1,"2":1,"3":1,"4":1,"5":1,"6":1,"7":0,"8":0,"9":0,"10":0,"11":0,"12":0,"13":0,"14":0,"15":0,"16":0,"17":0,"18":1},"b":{"1":[0,0],"2":[0,0],"3":[0,0],"4":[0,0],"5":[0,0]},"f":{"1":0,"2":0},"fnMap":{"1":{"name":"(anonymous_1)","line":20,"loc":{"start":{"line":20,"column":19},"end":{"line":20,"column":52}}},"2":{"name":"(anonymous_2)","line":29,"loc":{"start":{"line":29,"column":37},"end":{"line":29,"column":70}}}},"statementMap":{"1":{"start":{"line":5,"column":0},"end":{"line":5,"column":41}},"2":{"start":{"line":6,"column":0},"end":{"line":6,"column":31}},"3":{"start":{"line":7,"column":0},"end":{"line":7,"column":31}},"4":{"start":{"line":8,"column":0},"end":{"line":8,"column":29}},"5":{"start":{"line":13,"column":0},"end":{"line":17,"column":2}},"6":{"start":{"line":20,"column":0},"end":{"line":45,"column":2}},"7":{"start":{"line":22,"column":4},"end":{"line":22,"column":71}},"8":{"start":{"line":24,"column":4},"end":{"line":24,"column":108}},"9":{"start":{"line":26,"column":4},"end":{"line":26,"column":41}},"10":{"start":{"line":27,"column":4},"end":{"line":27,"column":51}},"11":{"start":{"line":29,"column":4},"end":{"line":42,"column":7}},"12":{"start":{"line":33,"column":8},"end":{"line":33,"column":48}},"13":{"start":{"line":35,"column":8},"end":{"line":37,"column":9}},"14":{"start":{"line":36,"column":12},"end":{"line":36,"column":42}},"15":{"start":{"line":39,"column":8},"end":{"line":39,"column":164}},"16":{"start":{"line":41,"column":8},"end":{"line":41,"column":81}},"17":{"start":{"line":44,"column":4},"end":{"line":44,"column":18}},"18":{"start":{"line":48,"column":0},"end":{"line":52,"column":2}}},"branchMap":{"1":{"line":24,"type":"cond-expr","locations":[{"start":{"line":24,"column":57},"end":{"line":24,"column":99}},{"start":{"line":24,"column":102},"end":{"line":24,"column":106}}]},"2":{"line":33,"type":"binary-expr","locations":[{"start":{"line":33,"column":26},"end":{"line":33,"column":41}},{"start":{"line":33,"column":45},"end":{"line":33,"column":47}}]},"3":{"line":35,"type":"if","locations":[{"start":{"line":35,"column":8},"end":{"line":35,"column":8}},{"start":{"line":35,"column":8},"end":{"line":35,"column":8}}]},"4":{"line":35,"type":"binary-expr","locations":[{"start":{"line":35,"column":12},"end":{"line":35,"column":58}},{"start":{"line":35,"column":62},"end":{"line":35,"column":94}}]},"5":{"line":39,"type":"binary-expr","locations":[{"start":{"line":39,"column":20},"end":{"line":39,"column":53}},{"start":{"line":39,"column":57},"end":{"line":39,"column":103}}]}},"code":["'use strict';","","// Load modules","","const Directory = require('./directory');","const Etag = require('./etag');","const File = require('./file');","const Hoek = require('hoek');","","","// Declare internals","","const internals = {","    defaults: {","        etagsCacheMaxSize: 1000","    }","};","","","exports.register = function (server, options, next) {","","    const settings = Hoek.applyToDefaults(internals.defaults, options);","","    server.expose('_etags', settings.etagsCacheMaxSize ? new Etag.Cache(settings.etagsCacheMaxSize) : null);","","    server.handler('file', File.handler);","    server.handler('directory', Directory.handler);","","    server.decorate('reply', 'file', function (path, responseOptions) {","","        // Set correct confine value","","        responseOptions = responseOptions || {};","","        if (typeof responseOptions.confine === 'undefined' || responseOptions.confine === true) {","            responseOptions.confine = '.';","        }","","        Hoek.assert(responseOptions.end === undefined || +responseOptions.start <= +responseOptions.end, 'options.start must be less than or equal to options.end');","","        return this.response(File.response(path, responseOptions, this.request));","    });","","    return next();","};","","","exports.register.attributes = {","    pkg: require('../package.json'),","    connections: false,","    once: true","};",""],"l":{"5":1,"6":1,"7":1,"8":1,"13":1,"20":1,"22":0,"24":0,"26":0,"27":0,"29":0,"33":0,"35":0,"36":0,"39":0,"41":0,"44":0,"48":1}},"/home/travis/build/npmtest/node-npmtest-inert/node_modules/inert/lib/directory.js":{"path":"/home/travis/build/npmtest/node-npmtest-inert/node_modules/inert/lib/directory.js","s":{"1":1,"2":1,"3":1,"4":1,"5":1,"6":1,"7":1,"8":1,"9":1,"10":1,"11":0,"12":0,"13":0,"14":0,"15":0,"16":0,"17":0,"18":0,"19":0,"20":0,"21":0,"22":0,"23":0,"24":0,"25":0,"26":0,"27":0,"28":0,"29":0,"30":0,"31":0,"32":0,"33":0,"34":0,"35":0,"36":0,"37":0,"38":0,"39":0,"40":0,"41":0,"42":0,"43":0,"44":0,"45":0,"46":0,"47":0,"48":0,"49":0,"50":0,"51":0,"52":0,"53":0,"54":0,"55":0,"56":0,"57":0,"58":0,"59":0,"60":0,"61":0,"62":0,"63":0,"64":0,"65":0,"66":0,"67":0,"68":0,"69":0,"70":0,"71":0,"72":0,"73":0,"74":0,"75":0,"76":0,"77":1,"78":0,"79":0,"80":0,"81":0,"82":0,"83":0,"84":0,"85":0,"86":0,"87":0,"88":0,"89":0,"90":0,"91":0,"92":1,"93":0,"94":1,"95":0},"b":{"1":[0,0],"2":[0,0],"3":[0,0],"4":[0,0],"5":[0,0],"6":[0,0],"7":[0,0],"8":[0,0],"9":[0,0],"10":[0,0,0],"11":[0,0],"12":[0,0],"13":[0,0],"14":[0,0],"15":[0,0],"16":[0,0],"17":[0,0],"18":[0,0],"19":[0,0],"20":[0,0],"21":[0,0],"22":[0,0,0],"23":[0,0],"24":[0,0],"25":[0,0],"26":[0,0],"27":[0,0],"28":[0,0],"29":[0,0],"30":[0,0],"31":[0,0],"32":[0,0]},"f":{"1":0,"2":0,"3":0,"4":0},"fnMap":{"1":{"name":"(anonymous_1)","line":32,"loc":{"start":{"line":32,"column":18},"end":{"line":32,"column":44}}},"2":{"name":"(anonymous_2)","line":204,"loc":{"start":{"line":204,"column":28},"end":{"line":204,"column":109}}},"3":{"name":"(anonymous_3)","line":236,"loc":{"start":{"line":236,"column":25},"end":{"line":236,"column":41}}},"4":{"name":"(anonymous_4)","line":242,"loc":{"start":{"line":242,"column":23},"end":{"line":242,"column":39}}}},"statementMap":{"1":{"start":{"line":5,"column":0},"end":{"line":5,"column":25}},"2":{"start":{"line":6,"column":0},"end":{"line":6,"column":29}},"3":{"start":{"line":7,"column":0},"end":{"line":7,"column":29}},"4":{"start":{"line":8,"column":0},"end":{"line":8,"column":29}},"5":{"start":{"line":9,"column":0},"end":{"line":9,"column":31}},"6":{"start":{"line":10,"column":0},"end":{"line":10,"column":27}},"7":{"start":{"line":11,"column":0},"end":{"line":11,"column":31}},"8":{"start":{"line":16,"column":0},"end":{"line":16,"column":21}},"9":{"start":{"line":19,"column":0},"end":{"line":29,"column":3}},"10":{"start":{"line":32,"column":0},"end":{"line":201,"column":2}},"11":{"start":{"line":34,"column":4},"end":{"line":34,"column":118}},"12":{"start":{"line":35,"column":4},"end":{"line":35,"column":140}},"13":{"start":{"line":37,"column":4},"end":{"line":37,"column":83}},"14":{"start":{"line":39,"column":4},"end":{"line":53,"column":6}},"15":{"start":{"line":41,"column":8},"end":{"line":41,"column":30}},"16":{"start":{"line":42,"column":8},"end":{"line":50,"column":9}},"17":{"start":{"line":43,"column":12},"end":{"line":43,"column":32}},"18":{"start":{"line":45,"column":12},"end":{"line":47,"column":13}},"19":{"start":{"line":46,"column":16},"end":{"line":46,"column":72}},"20":{"start":{"line":49,"column":12},"end":{"line":49,"column":34}},"21":{"start":{"line":52,"column":8},"end":{"line":52,"column":26}},"22":{"start":{"line":55,"column":4},"end":{"line":55,"column":86}},"23":{"start":{"line":57,"column":4},"end":{"line":57,"column":91}},"24":{"start":{"line":61,"column":4},"end":{"line":198,"column":6}},"25":{"start":{"line":63,"column":8},"end":{"line":63,"column":31}},"26":{"start":{"line":64,"column":8},"end":{"line":79,"column":9}},"27":{"start":{"line":65,"column":12},"end":{"line":65,"column":61}},"28":{"start":{"line":66,"column":12},"end":{"line":68,"column":13}},"29":{"start":{"line":67,"column":16},"end":{"line":67,"column":37}},"30":{"start":{"line":70,"column":12},"end":{"line":78,"column":13}},"31":{"start":{"line":71,"column":16},"end":{"line":71,"column":42}},"32":{"start":{"line":73,"column":17},"end":{"line":78,"column":13}},"33":{"start":{"line":74,"column":16},"end":{"line":74,"column":44}},"34":{"start":{"line":77,"column":16},"end":{"line":77,"column":78}},"35":{"start":{"line":83,"column":8},"end":{"line":83,"column":52}},"36":{"start":{"line":84,"column":8},"end":{"line":89,"column":9}},"37":{"start":{"line":88,"column":12},"end":{"line":88,"column":42}},"38":{"start":{"line":93,"column":8},"end":{"line":93,"column":38}},"39":{"start":{"line":94,"column":8},"end":{"line":94,"column":56}},"40":{"start":{"line":95,"column":8},"end":{"line":100,"column":10}},"41":{"start":{"line":102,"column":8},"end":{"line":197,"column":11}},"42":{"start":{"line":104,"column":12},"end":{"line":104,"column":42}},"43":{"start":{"line":106,"column":12},"end":{"line":106,"column":39}},"44":{"start":{"line":108,"column":12},"end":{"line":192,"column":15}},"45":{"start":{"line":112,"column":16},"end":{"line":114,"column":17}},"46":{"start":{"line":113,"column":20},"end":{"line":113,"column":43}},"47":{"start":{"line":118,"column":16},"end":{"line":118,"column":37}},"48":{"start":{"line":119,"column":16},"end":{"line":136,"column":17}},"49":{"start":{"line":120,"column":20},"end":{"line":122,"column":21}},"50":{"start":{"line":121,"column":24},"end":{"line":121,"column":42}},"51":{"start":{"line":124,"column":20},"end":{"line":126,"column":21}},"52":{"start":{"line":125,"column":24},"end":{"line":125,"column":49}},"53":{"start":{"line":128,"column":20},"end":{"line":135,"column":23}},"54":{"start":{"line":130,"column":24},"end":{"line":132,"column":25}},"55":{"start":{"line":131,"column":28},"end":{"line":131,"column":54}},"56":{"start":{"line":134,"column":24},"end":{"line":134,"column":42}},"57":{"start":{"line":140,"column":16},"end":{"line":142,"column":17}},"58":{"start":{"line":141,"column":20},"end":{"line":141,"column":38}},"59":{"start":{"line":146,"column":16},"end":{"line":150,"column":17}},"60":{"start":{"line":149,"column":20},"end":{"line":149,"column":51}},"61":{"start":{"line":152,"column":16},"end":{"line":157,"column":17}},"62":{"start":{"line":156,"column":20},"end":{"line":156,"column":58}},"63":{"start":{"line":159,"column":16},"end":{"line":191,"column":19}},"64":{"start":{"line":161,"column":20},"end":{"line":161,"column":65}},"65":{"start":{"line":162,"column":20},"end":{"line":180,"column":23}},"66":{"start":{"line":166,"column":24},"end":{"line":168,"column":25}},"67":{"start":{"line":167,"column":28},"end":{"line":167,"column":56}},"68":{"start":{"line":172,"column":24},"end":{"line":172,"column":50}},"69":{"start":{"line":173,"column":24},"end":{"line":175,"column":25}},"70":{"start":{"line":174,"column":28},"end":{"line":174,"column":96}},"71":{"start":{"line":179,"column":24},"end":{"line":179,"column":43}},"72":{"start":{"line":186,"column":20},"end":{"line":188,"column":21}},"73":{"start":{"line":187,"column":24},"end":{"line":187,"column":55}},"74":{"start":{"line":190,"column":20},"end":{"line":190,"column":144}},"75":{"start":{"line":196,"column":12},"end":{"line":196,"column":42}},"76":{"start":{"line":200,"column":4},"end":{"line":200,"column":19}},"77":{"start":{"line":204,"column":0},"end":{"line":233,"column":2}},"78":{"start":{"line":206,"column":4},"end":{"line":232,"column":7}},"79":{"start":{"line":208,"column":8},"end":{"line":210,"column":9}},"80":{"start":{"line":209,"column":12},"end":{"line":209,"column":74}},"81":{"start":{"line":212,"column":8},"end":{"line":212,"column":48}},"82":{"start":{"line":213,"column":8},"end":{"line":213,"column":50}},"83":{"start":{"line":214,"column":8},"end":{"line":214,"column":116}},"84":{"start":{"line":216,"column":8},"end":{"line":219,"column":9}},"85":{"start":{"line":217,"column":12},"end":{"line":217,"column":128}},"86":{"start":{"line":218,"column":12},"end":{"line":218,"column":105}},"87":{"start":{"line":221,"column":8},"end":{"line":227,"column":9}},"88":{"start":{"line":222,"column":12},"end":{"line":226,"column":13}},"89":{"start":{"line":225,"column":16},"end":{"line":225,"column":185}},"90":{"start":{"line":229,"column":8},"end":{"line":229,"column":44}},"91":{"start":{"line":231,"column":8},"end":{"line":231,"column":53}},"92":{"start":{"line":236,"column":0},"end":{"line":239,"column":2}},"93":{"start":{"line":238,"column":4},"end":{"line":238,"column":57}},"94":{"start":{"line":242,"column":0},"end":{"line":245,"column":2}},"95":{"start":{"line":244,"column":4},"end":{"line":244,"column":79}}},"branchMap":{"1":{"line":45,"type":"if","locations":[{"start":{"line":45,"column":12},"end":{"line":45,"column":12}},{"start":{"line":45,"column":12},"end":{"line":45,"column":12}}]},"2":{"line":55,"type":"cond-expr","locations":[{"start":{"line":55,"column":55},"end":{"line":55,"column":79}},{"start":{"line":55,"column":82},"end":{"line":55,"column":84}}]},"3":{"line":57,"type":"cond-expr","locations":[{"start":{"line":57,"column":51},"end":{"line":57,"column":65}},{"start":{"line":57,"column":69},"end":{"line":57,"column":89}}]},"4":{"line":57,"type":"binary-expr","locations":[{"start":{"line":57,"column":69},"end":{"line":57,"column":83}},{"start":{"line":57,"column":87},"end":{"line":57,"column":89}}]},"5":{"line":64,"type":"if","locations":[{"start":{"line":64,"column":8},"end":{"line":64,"column":8}},{"start":{"line":64,"column":8},"end":{"line":64,"column":8}}]},"6":{"line":66,"type":"if","locations":[{"start":{"line":66,"column":12},"end":{"line":66,"column":12}},{"start":{"line":66,"column":12},"end":{"line":66,"column":12}}]},"7":{"line":70,"type":"if","locations":[{"start":{"line":70,"column":12},"end":{"line":70,"column":12}},{"start":{"line":70,"column":12},"end":{"line":70,"column":12}}]},"8":{"line":73,"type":"if","locations":[{"start":{"line":73,"column":17},"end":{"line":73,"column":17}},{"start":{"line":73,"column":17},"end":{"line":73,"column":17}}]},"9":{"line":84,"type":"if","locations":[{"start":{"line":84,"column":8},"end":{"line":84,"column":8}},{"start":{"line":84,"column":8},"end":{"line":84,"column":8}}]},"10":{"line":84,"type":"binary-expr","locations":[{"start":{"line":84,"column":12},"end":{"line":84,"column":21}},{"start":{"line":85,"column":12},"end":{"line":85,"column":32}},{"start":{"line":86,"column":12},"end":{"line":86,"column":45}}]},"11":{"line":106,"type":"binary-expr","locations":[{"start":{"line":106,"column":23},"end":{"line":106,"column":32}},{"start":{"line":106,"column":36},"end":{"line":106,"column":38}}]},"12":{"line":112,"type":"if","locations":[{"start":{"line":112,"column":16},"end":{"line":112,"column":16}},{"start":{"line":112,"column":16},"end":{"line":112,"column":16}}]},"13":{"line":119,"type":"if","locations":[{"start":{"line":119,"column":16},"end":{"line":119,"column":16}},{"start":{"line":119,"column":16},"end":{"line":119,"column":16}}]},"14":{"line":120,"type":"if","locations":[{"start":{"line":120,"column":20},"end":{"line":120,"column":20}},{"start":{"line":120,"column":20},"end":{"line":120,"column":20}}]},"15":{"line":124,"type":"if","locations":[{"start":{"line":124,"column":20},"end":{"line":124,"column":20}},{"start":{"line":124,"column":20},"end":{"line":124,"column":20}}]},"16":{"line":130,"type":"if","locations":[{"start":{"line":130,"column":24},"end":{"line":130,"column":24}},{"start":{"line":130,"column":24},"end":{"line":130,"column":24}}]},"17":{"line":140,"type":"if","locations":[{"start":{"line":140,"column":16},"end":{"line":140,"column":16}},{"start":{"line":140,"column":16},"end":{"line":140,"column":16}}]},"18":{"line":140,"type":"binary-expr","locations":[{"start":{"line":140,"column":20},"end":{"line":140,"column":49}},{"start":{"line":140,"column":53},"end":{"line":140,"column":74}}]},"19":{"line":146,"type":"if","locations":[{"start":{"line":146,"column":16},"end":{"line":146,"column":16}},{"start":{"line":146,"column":16},"end":{"line":146,"column":16}}]},"20":{"line":146,"type":"binary-expr","locations":[{"start":{"line":146,"column":20},"end":{"line":146,"column":43}},{"start":{"line":147,"column":20},"end":{"line":147,"column":37}}]},"21":{"line":152,"type":"if","locations":[{"start":{"line":152,"column":16},"end":{"line":152,"column":16}},{"start":{"line":152,"column":16},"end":{"line":152,"column":16}}]},"22":{"line":152,"type":"binary-expr","locations":[{"start":{"line":152,"column":20},"end":{"line":152,"column":54}},{"start":{"line":153,"column":20},"end":{"line":153,"column":74}},{"start":{"line":154,"column":20},"end":{"line":154,"column":37}}]},"23":{"line":166,"type":"if","locations":[{"start":{"line":166,"column":24},"end":{"line":166,"column":24}},{"start":{"line":166,"column":24},"end":{"line":166,"column":24}}]},"24":{"line":173,"type":"if","locations":[{"start":{"line":173,"column":24},"end":{"line":173,"column":24}},{"start":{"line":173,"column":24},"end":{"line":173,"column":24}}]},"25":{"line":186,"type":"if","locations":[{"start":{"line":186,"column":20},"end":{"line":186,"column":20}},{"start":{"line":186,"column":20},"end":{"line":186,"column":20}}]},"26":{"line":208,"type":"if","locations":[{"start":{"line":208,"column":8},"end":{"line":208,"column":8}},{"start":{"line":208,"column":8},"end":{"line":208,"column":8}}]},"27":{"line":216,"type":"if","locations":[{"start":{"line":216,"column":8},"end":{"line":216,"column":8}},{"start":{"line":216,"column":8},"end":{"line":216,"column":8}}]},"28":{"line":217,"type":"cond-expr","locations":[{"start":{"line":217,"column":113},"end":{"line":217,"column":114}},{"start":{"line":217,"column":117},"end":{"line":217,"column":118}}]},"29":{"line":222,"type":"if","locations":[{"start":{"line":222,"column":12},"end":{"line":222,"column":12}},{"start":{"line":222,"column":12},"end":{"line":222,"column":12}}]},"30":{"line":222,"type":"binary-expr","locations":[{"start":{"line":222,"column":16},"end":{"line":222,"column":35}},{"start":{"line":223,"column":16},"end":{"line":223,"column":49}}]},"31":{"line":225,"type":"cond-expr","locations":[{"start":{"line":225,"column":114},"end":{"line":225,"column":117}},{"start":{"line":225,"column":120},"end":{"line":225,"column":122}}]},"32":{"line":225,"type":"binary-expr","locations":[{"start":{"line":225,"column":81},"end":{"line":225,"column":90}},{"start":{"line":225,"column":94},"end":{"line":225,"column":111}}]}},"code":["'use strict';","","// Load modules","","const Fs = require('fs');","const Path = require('path');","const Boom = require('boom');","const Hoek = require('hoek');","const Items = require('items');","const Joi = require('joi');","const File = require('./file');","","","// Declare internals","","const internals = {};","","","internals.schema = Joi.object({","    path: Joi.alternatives(Joi.array().items(Joi.string()).single(), Joi.func()).required(),","    index: Joi.alternatives(Joi.boolean(), Joi.array().items(Joi.string()).single()).default(true),","    listing: Joi.boolean(),","    showHidden: Joi.boolean(),","    redirectToSlash: Joi.boolean(),","    lookupCompressed: Joi.boolean(),","    lookupMap: Joi.object().min(1).pattern(/.+/, Joi.string()),","    etagMethod: Joi.string().valid('hash', 'simple').allow(false),","    defaultExtension: Joi.string().alphanum()","});","","","exports.handler = function (route, options) {","","    const settings = Joi.attempt(options, internals.schema, 'Invalid directory handler options (' + route.path + ')');","    Hoek.assert(route.path[route.path.length - 1] === '}', 'The route path for a directory handler must end with a parameter:', route.path);","","    const paramName = /\\w+/.exec(route.path.slice(route.path.lastIndexOf('{')))[0];","","    const normalize = (paths) => {","","        const normalized = [];","        for (let i = 0; i < paths.length; ++i) {","            let path = paths[i];","","            if (!Path.isAbsolute(path)) {","                path = Path.join(route.settings.files.relativeTo, path);","            }","","            normalized.push(path);","        }","","        return normalized;","    };","","    const normalized = (Array.isArray(settings.path) ? normalize(settings.path) : []);            // Array or function","","    const indexNames = (settings.index === true) ? ['index.html'] : (settings.index || []);","","    // Declare handler","","    const handler = (request, reply) => {","","        let paths = normalized;","        if (typeof settings.path === 'function') {","            const result = settings.path.call(null, request);","            if (result instanceof Error) {","                return reply(result);","            }","","            if (Array.isArray(result)) {","                paths = normalize(result);","            }","            else if (typeof result === 'string') {","                paths = normalize([result]);","            }","            else {","                return reply(Boom.badImplementation('Invalid path function'));","            }","        }","","        // Append parameter","","        const selection = request.params[paramName];","        if (selection &&","            !settings.showHidden &&","            internals.isFileHidden(selection)) {","","            return reply(Boom.notFound());","        }","","        // Generate response","","        const resource = request.path;","        const hasTrailingSlash = resource.endsWith('/');","        const fileOptions = {","            confine: null,","            lookupCompressed: settings.lookupCompressed,","            lookupMap: settings.lookupMap,","            etagMethod: settings.etagMethod","        };","","        Items.serial(paths, (baseDir, nextPath) => {","","            fileOptions.confine = baseDir;","","            let path = selection || '';","","            File.load(path, request, fileOptions, (response) => {","","                // File loaded successfully","","                if (!response.isBoom) {","                    return reply(response);","                }","","                // Not found","","                const err = response;","                if (err.output.statusCode === 404) {","                    if (!settings.defaultExtension) {","                        return nextPath();","                    }","","                    if (hasTrailingSlash) {","                        path = path.slice(0, -1);","                    }","","                    return File.load(path + '.' + settings.defaultExtension, request, fileOptions, (extResponse) => {","","                        if (!extResponse.isBoom) {","                            return reply(extResponse);","                        }","","                        return nextPath();","                    });","                }","","                // Propagate non-directory errors","","                if (err.output.statusCode !== 403 || err.data !== 'EISDIR') {","                    return reply(err);","                }","","                // Directory","","                if (indexNames.length === 0 &&","                    !settings.listing) {","","                    return reply(Boom.forbidden());","                }","","                if (settings.redirectToSlash !== false &&                       // Defaults to true","                    !request.connection.settings.router.stripTrailingSlash &&","                    !hasTrailingSlash) {","","                    return reply.redirect(resource + '/');","                }","","                Items.serial(indexNames, (indexName, nextIndex) => {","","                    const indexFile = Path.join(path, indexName);","                    File.load(indexFile, request, fileOptions, (indexResponse) => {","","                        // File loaded successfully","","                        if (!indexResponse.isBoom) {","                            return reply(indexResponse);","                        }","","                        // Directory","","                        const err = indexResponse;","                        if (err.output.statusCode !== 404) {","                            return reply(Boom.badImplementation(indexName + ' is a directory'));","                        }","","                        // Not found, try the next one","","                        return nextIndex();","                    });","                },","                (/* err */) => {","","                    // None of the index files were found","","                    if (!settings.listing) {","                        return reply(Boom.forbidden());","                    }","","                    return internals.generateListing(Path.join(baseDir, path), resource, selection, hasTrailingSlash, settings, request, reply);","                });","            });","        },","        (/* err */) => {","","            return reply(Boom.notFound());","        });","    };","","    return handler;","};","","","internals.generateListing = function (path, resource, selection, hasTrailingSlash, settings, request, reply) {","","    Fs.readdir(path, (err, files) => {","","        if (err) {","            return reply(Boom.internal('Error accessing directory', err));","        }","","        resource = decodeURIComponent(resource);","        const display = Hoek.escapeHtml(resource);","        let html = '<html><head><title>' + display + '</title></head><body><h1>Directory: ' + display + '</h1><ul>';","","        if (selection) {","            const parent = resource.substring(0, resource.lastIndexOf('/', resource.length - (hasTrailingSlash ? 2 : 1))) + '/';","            html = html + '<li><a href=\"' + internals.pathEncode(parent) + '\">Parent Directory</a></li>';","        }","","        for (let i = 0; i < files.length; ++i) {","            if (settings.showHidden ||","                !internals.isFileHidden(files[i])) {","","                html = html + '<li><a href=\"' + internals.pathEncode(resource + (selection && !hasTrailingSlash ? '/' : '') + files[i]) + '\">' + Hoek.escapeHtml(files[i]) + '</a></li>';","            }","        }","","        html = html + '</ul></body></html>';","","        return reply(request.generateResponse(html));","    });","};","","","internals.isFileHidden = function (path) {","","    return /(^|[\\\\\\/])\\.([^.\\\\\\/]|\\.[^\\\\\\/])/.test(path);           // Starts with a '.' or contains '/.' or '\\.', which is not followed by a '/' or '\\' or '.'","};","","","internals.pathEncode = function (path) {","","    return encodeURIComponent(path).replace(/%2F/g, '/').replace(/%5C/g, '\\\\');","};",""],"l":{"5":1,"6":1,"7":1,"8":1,"9":1,"10":1,"11":1,"16":1,"19":1,"32":1,"34":0,"35":0,"37":0,"39":0,"41":0,"42":0,"43":0,"45":0,"46":0,"49":0,"52":0,"55":0,"57":0,"61":0,"63":0,"64":0,"65":0,"66":0,"67":0,"70":0,"71":0,"73":0,"74":0,"77":0,"83":0,"84":0,"88":0,"93":0,"94":0,"95":0,"102":0,"104":0,"106":0,"108":0,"112":0,"113":0,"118":0,"119":0,"120":0,"121":0,"124":0,"125":0,"128":0,"130":0,"131":0,"134":0,"140":0,"141":0,"146":0,"149":0,"152":0,"156":0,"159":0,"161":0,"162":0,"166":0,"167":0,"172":0,"173":0,"174":0,"179":0,"186":0,"187":0,"190":0,"196":0,"200":0,"204":1,"206":0,"208":0,"209":0,"212":0,"213":0,"214":0,"216":0,"217":0,"218":0,"221":0,"222":0,"225":0,"229":0,"231":0,"236":1,"238":0,"242":1,"244":0}},"/home/travis/build/npmtest/node-npmtest-inert/node_modules/inert/lib/file.js":{"path":"/home/travis/build/npmtest/node-npmtest-inert/node_modules/inert/lib/file.js","s":{"1":1,"2":1,"3":1,"4":1,"5":1,"6":1,"7":1,"8":1,"9":1,"10":1,"11":1,"12":0,"13":0,"14":0,"15":0,"16":0,"17":0,"18":0,"19":0,"20":1,"21":0,"22":0,"23":1,"24":0,"25":0,"26":0,"27":0,"28":0,"29":0,"30":0,"31":0,"32":0,"33":0,"34":1,"35":0,"36":0,"37":0,"38":0,"39":0,"40":0,"41":0,"42":0,"43":0,"44":0,"45":0,"46":0,"47":0,"48":0,"49":0,"50":0,"51":0,"52":0,"53":0,"54":0,"55":0,"56":0,"57":0,"58":1,"59":0,"60":0,"61":0,"62":0,"63":0,"64":0,"65":0,"66":0,"67":0,"68":0,"69":0,"70":0,"71":0,"72":0,"73":0,"74":1,"75":0,"76":0,"77":0,"78":0,"79":0,"80":0,"81":0,"82":0,"83":0,"84":0,"85":0,"86":0,"87":0,"88":0,"89":0,"90":0,"91":0,"92":0,"93":0,"94":0,"95":0,"96":1,"97":0,"98":0,"99":0,"100":0,"101":0,"102":0,"103":0,"104":0,"105":0,"106":0,"107":1,"108":0,"109":0,"110":0},"b":{"1":[0,0],"2":[0,0],"3":[0,0],"4":[0,0],"5":[0,0],"6":[0,0],"7":[0,0],"8":[0,0],"9":[0,0],"10":[0,0],"11":[0,0],"12":[0,0],"13":[0,0],"14":[0,0],"15":[0,0],"16":[0,0],"17":[0,0],"18":[0,0],"19":[0,0],"20":[0,0],"21":[0,0,0,0],"22":[0,0],"23":[0,0],"24":[0,0],"25":[0,0],"26":[0,0],"27":[0,0],"28":[0,0],"29":[0,0],"30":[0,0],"31":[0,0],"32":[0,0],"33":[0,0,0],"34":[0,0],"35":[0,0],"36":[0,0],"37":[0,0],"38":[0,0],"39":[0,0],"40":[0,0],"41":[0,0]},"f":{"1":0,"2":0,"3":0,"4":0,"5":0,"6":0,"7":0,"8":0},"fnMap":{"1":{"name":"(anonymous_1)","line":42,"loc":{"start":{"line":42,"column":18},"end":{"line":42,"column":44}}},"2":{"name":"(anonymous_2)","line":59,"loc":{"start":{"line":59,"column":15},"end":{"line":59,"column":59}}},"3":{"name":"(anonymous_3)","line":66,"loc":{"start":{"line":66,"column":19},"end":{"line":66,"column":65}}},"4":{"name":"(anonymous_4)","line":96,"loc":{"start":{"line":96,"column":20},"end":{"line":96,"column":50}}},"5":{"name":"(anonymous_5)","line":147,"loc":{"start":{"line":147,"column":20},"end":{"line":147,"column":46}}},"6":{"name":"(anonymous_6)","line":179,"loc":{"start":{"line":179,"column":28},"end":{"line":179,"column":54}}},"7":{"name":"(anonymous_7)","line":228,"loc":{"start":{"line":228,"column":25},"end":{"line":228,"column":51}}},"8":{"name":"(anonymous_8)","line":255,"loc":{"start":{"line":255,"column":18},"end":{"line":255,"column":38}}}},"statementMap":{"1":{"start":{"line":5,"column":0},"end":{"line":5,"column":29}},"2":{"start":{"line":6,"column":0},"end":{"line":6,"column":29}},"3":{"start":{"line":7,"column":0},"end":{"line":7,"column":29}},"4":{"start":{"line":8,"column":0},"end":{"line":8,"column":29}},"5":{"start":{"line":9,"column":0},"end":{"line":9,"column":27}},"6":{"start":{"line":10,"column":0},"end":{"line":10,"column":31}},"7":{"start":{"line":11,
[...]
createStream = function (response, next) {","","    const source = response.source;","","    Hoek.assert(source.file !== null);","","    internals.addContentRange(response, (err, range) => {","","        if (err) {","            return next(err);","        }","","        const options = {","            start: source.settings.start || 0,","            end: source.settings.end","        };","","        if (range) {","            options.end = range.to + options.start;","            options.start = range.from + options.start;","        }","","        return next(null, source.file.createReadStream(options));","    });","};","","","internals.close = function (response) {","","    if (response.source.file !== null) {","        response.source.file.close();","        response.source.file = null;","    }","};",""],"l":{"5":1,"6":1,"7":1,"8":1,"9":1,"10":1,"11":1,"16":1,"19":1,"24":1,"42":1,"44":0,"45":0,"46":0,"47":0,"49":0,"51":0,"52":0,"55":0,"59":1,"61":0,"62":0,"66":1,"68":0,"70":0,"71":0,"72":0,"75":0,"76":0,"80":0,"83":0,"90":0,"92":0,"96":1,"98":0,"100":0,"101":0,"103":0,"107":0,"109":0,"111":0,"112":0,"115":0,"116":0,"117":0,"120":0,"123":0,"124":0,"127":0,"129":0,"130":0,"131":0,"134":0,"136":0,"137":0,"138":0,"141":0,"147":1,"149":0,"154":0,"155":0,"156":0,"157":0,"158":0,"159":0,"161":0,"162":0,"163":0,"165":0,"166":0,"167":0,"170":0,"175":0,"179":1,"181":0,"182":0,"183":0,"185":0,"186":0,"190":0,"195":0,"196":0,"198":0,"202":0,"203":0,"204":0,"205":0,"206":0,"211":0,"212":0,"213":0,"214":0,"215":0,"221":0,"224":0,"228":1,"230":0,"232":0,"234":0,"236":0,"237":0,"240":0,"245":0,"246":0,"247":0,"250":0,"255":1,"257":0,"258":0,"259":0}},"/home/travis/build/npmtest/node-npmtest-inert/node_modules/inert/lib/etag.js":{"path":"/home/travis/build/npmtest/node-npmtest-inert/node_modules/inert/lib/etag.js","s":{"1":1,"2":1,"3":1,"4":1,"5":1,"6":1,"7":0,"8":0,"9":0,"10":0,"11":0,"12":0,"13":0,"14":0,"15":0,"16":0,"17":0,"18":0,"19":0,"20":0,"21":0,"22":0,"23":0,"24":0,"25":0,"26":1,"27":0,"28":0,"29":0,"30":0,"31":0,"32":0,"33":0,"34":0,"35":0,"36":0,"37":0,"38":1,"39":0,"40":0,"41":0,"42":1,"43":0,"44":0,"45":0,"46":0,"47":0,"48":0,"49":0,"50":0,"51":0,"52":0,"53":0,"54":0,"55":1},"b":{"1":[0,0],"2":[0,0],"3":[0,0],"4":[0,0],"5":[0,0],"6":[0,0],"7":[0,0],"8":[0,0],"9":[0,0]},"f":{"1":0,"2":0,"3":0,"4":0,"5":0},"fnMap":{"1":{"name":"(anonymous_1)","line":18,"loc":{"start":{"line":18,"column":26},"end":{"line":18,"column":58}}},"2":{"name":"(anonymous_2)","line":63,"loc":{"start":{"line":63,"column":21},"end":{"line":63,"column":51}}},"3":{"name":"(anonymous_3)","line":71,"loc":{"start":{"line":71,"column":15},"end":{"line":71,"column":30}}},"4":{"name":"(anonymous_4)","line":87,"loc":{"start":{"line":87,"column":26},"end":{"line":87,"column":58}}},"5":{"name":"(anonymous_5)","line":96,"loc":{"start":{"line":96,"column":16},"end":{"line":96,"column":48}}}},"statementMap":{"1":{"start":{"line":5,"column":0},"end":{"line":5,"column":33}},"2":{"start":{"line":6,"column":0},"end":{"line":6,"column":29}},"3":{"start":{"line":7,"column":0},"end":{"line":7,"column":29}},"4":{"start":{"line":8,"column":0},"end":{"line":8,"column":38}},"5":{"start":{"line":13,"column":0},"end":{"line":15,"column":2}},"6":{"start":{"line":18,"column":0},"end":{"line":60,"column":2}},"7":{"start":{"line":20,"column":4},"end":{"line":20,"column":63}},"8":{"start":{"line":21,"column":4},"end":{"line":23,"column":5}},"9":{"start":{"line":22,"column":8},"end":{"line":22,"column":32}},"10":{"start":{"line":27,"column":4},"end":{"line":27,"column":38}},"11":{"start":{"line":28,"column":4},"end":{"line":28,"column":81}},"12":{"start":{"line":32,"column":4},"end":{"line":32,"column":43}},"13":{"start":{"line":33,"column":4},"end":{"line":35,"column":5}},"14":{"start":{"line":34,"column":8},"end":{"line":34,"column":38}},"15":{"start":{"line":37,"column":4},"end":{"line":37,"column":45}},"16":{"start":{"line":38,"column":4},"end":{"line":40,"column":5}},"17":{"start":{"line":39,"column":8},"end":{"line":39,"column":32}},"18":{"start":{"line":44,"column":4},"end":{"line":44,"column":19}},"19":{"start":{"line":45,"column":4},"end":{"line":45,"column":41}},"20":{"start":{"line":47,"column":4},"end":{"line":59,"column":7}},"21":{"start":{"line":49,"column":8},"end":{"line":51,"column":9}},"22":{"start":{"line":50,"column":12},"end":{"line":50,"column":38}},"23":{"start":{"line":55,"column":8},"end":{"line":55,"column":44}},"24":{"start":{"line":56,"column":8},"end":{"line":58,"column":9}},"25":{"start":{"line":57,"column":12},"end":{"line":57,"column":47}},"26":{"start":{"line":63,"column":0},"end":{"line":84,"column":2}},"27":{"start":{"line":65,"column":4},"end":{"line":65,"column":43}},"28":{"start":{"line":66,"column":4},"end":{"line":66,"column":28}},"29":{"start":{"line":68,"column":4},"end":{"line":68,"column":83}},"30":{"start":{"line":69,"column":4},"end":{"line":69,"column":26}},"31":{"start":{"line":71,"column":4},"end":{"line":78,"column":6}},"32":{"start":{"line":73,"column":8},"end":{"line":75,"column":9}},"33":{"start":{"line":74,"column":12},"end":{"line":74,"column":73}},"34":{"start":{"line":77,"column":8},"end":{"line":77,"column":43}},"35":{"start":{"line":80,"column":4},"end":{"line":80,"column":27}},"36":{"start":{"line":82,"column":4},"end":{"line":82,"column":31}},"37":{"start":{"line":83,"column":4},"end":{"line":83,"column":33}},"38":{"start":{"line":87,"column":0},"end":{"line":93,"column":2}},"39":{"start":{"line":89,"column":4},"end":{"line":89,"column":40}},"40":{"start":{"line":90,"column":4},"end":{"line":90,"column":52}},"41":{"start":{"line":92,"column":4},"end":{"line":92,"column":42}},"42":{"start":{"line":96,"column":0},"end":{"line":121,"column":2}},"43":{"start":{"line":98,"column":4},"end":{"line":98,"column":59}},"44":{"start":{"line":99,"column":4},"end":{"line":101,"column":5}},"45":{"start":{"line":100,"column":8},"end":{"line":100,"column":22}},"46":{"start":{"line":103,"column":4},"end":{"line":114,"column":6}},"47":{"start":{"line":105,"column":8},"end":{"line":107,"column":9}},"48":{"start":{"line":106,"column":12},"end":{"line":106,"column":29}},"49":{"start":{"line":109,"column":8},"end":{"line":111,"column":9}},"50":{"start":{"line":110,"column":12},"end":{"line":110,"column":48}},"51":{"start":{"line":113,"column":8},"end":{"line":113,"column":22}},"52":{"start":{"line":116,"column":4},"end":{"line":118,"column":5}},"53":{"start":{"line":117,"column":8},"end":{"line":117,"column":66}},"54":{"start":{"line":120,"column":4},"end":{"line":120,"column":62}},"55":{"start":{"line":124,"column":0},"end":{"line":124,"column":25}}},"branchMap":{"1":{"line":21,"type":"if","locations":[{"start":{"line":21,"column":4},"end":{"line":21,"column":4}},{"start":{"line":21,"column":4},"end":{"line":21,"column":4}}]},"2":{"line":33,"type":"if","locations":[{"start":{"line":33,"column":4},"end":{"line":33,"column":4}},{"start":{"line":33,"column":4},"end":{"line":33,"column":4}}]},"3":{"line":38,"type":"if","locations":[{"start":{"line":38,"column":4},"end":{"line":38,"column":4}},{"start":{"line":38,"column":4},"end":{"line":38,"column":4}}]},"4":{"line":49,"type":"if","locations":[{"start":{"line":49,"column":8},"end":{"line":49,"column":8}},{"start":{"line":49,"column":8},"end":{"line":49,"column":8}}]},"5":{"line":73,"type":"if","locations":[{"start":{"line":73,"column":8},"end":{"line":73,"column":8}},{"start":{"line":73,"column":8},"end":{"line":73,"column":8}}]},"6":{"line":99,"type":"if","locations":[{"start":{"line":99,"column":4},"end":{"line":99,"column":4}},{"start":{"line":99,"column":4},"end":{"line":99,"column":4}}]},"7":{"line":105,"type":"if","locations":[{"start":{"line":105,"column":8},"end":{"line":105,"column":8}},{"start":{"line":105,"column":8},"end":{"line":105,"column":8}}]},"8":{"line":109,"type":"if","locations":[{"start":{"line":109,"column":8},"end":{"line":109,"column":8}},{"start":{"line":109,"column":8},"end":{"line":109,"column":8}}]},"9":{"line":116,"type":"if","locations":[{"start":{"line":116,"column":4},"end":{"line":116,"column":4}},{"start":{"line":116,"column":4},"end":{"line":116,"column":4}}]}},"code":["'use strict';","","// Load modules","","const Crypto = require('crypto');","const Boom = require('boom');","const Hoek = require('hoek');","const LruCache = require('lru-cache');","","","// Declare internals","","const internals = {","    pendings: Object.create(null)","};","","","internals.computeHashed = function (response, stat, next) {","","    const etags = response.request.server.plugins.inert._etags;","    if (!etags) {","        return next(null, null);","    }","","    // Use stat info for an LRU cache key.","","    const path = response.source.path;","    const cachekey = [path, stat.ino, stat.size, stat.mtime.getTime()].join('-');","","    // The etag hashes the file contents in order to be consistent across distributed deployments","","    const cachedEtag = etags.get(cachekey);","    if (cachedEtag) {","        return next(null, cachedEtag);","    }","","    let nexts = internals.pendings[cachekey];","    if (nexts) {","        return nexts.push(next);","    }","","    // Start hashing","","    nexts = [next];","    internals.pendings[cachekey] = nexts;","","    internals.hashFile(response, (err, hash) => {","","        if (!err) {","            etags.set(cachekey, hash);","        }","","        // Call pending callbacks","","        delete internals.pendings[cachekey];","        for (let i = 0; i < nexts.length; ++i) {","            Hoek.nextTick(nexts[i])(err, hash);","        }","    });","};","","","internals.hashFile = function (response, callback) {","","    const hash = Crypto.createHash('sha1');","    hash.setEncoding('hex');","","    const fileStream = response.source.file.createReadStream({ autoClose: false });","    fileStream.pipe(hash);","","    let done = function (err) {","","        if (err) {","            return callback(Boom.wrap(err, null, 'Failed to hash file'));","        }","","        return callback(null, hash.read());","    };","","    done = Hoek.once(done);","","    fileStream.on('end', done);","    fileStream.on('error', done);","};","","","internals.computeSimple = function (response, stat, next) {","","    const size = stat.size.toString(16);","    const mtime = stat.mtime.getTime().toString(16);","","    return next(null, size + '-' + mtime);","};","","","exports.apply = function (response, stat, next) {","","    const etagMethod = response.source.settings.etagMethod;","    if (etagMethod === false) {","        return next();","    }","","    const applyEtag = (err, etag) => {","","        if (err) {","            return next(err);","        }","","        if (etag !== null) {","            response.etag(etag, { vary: true });","        }","","        return next();","    };","","    if (etagMethod === 'simple') {","        return internals.computeSimple(response, stat, applyEtag);","    }","","    return internals.computeHashed(response, stat, applyEtag);","};","","","exports.Cache = LruCache;",""],"l":{"5":1,"6":1,"7":1,"8":1,"13":1,"18":1,"20":0,"21":0,"22":0,"27":0,"28":0,"32":0,"33":0,"34":0,"37":0,"38":0,"39":0,"44":0,"45":0,"47":0,"49":0,"50":0,"55":0,"56":0,"57":0,"63":1,"65":0,"66":0,"68":0,"69":0,"71":0,"73":0,"74":0,"77":0,"80":0,"82":0,"83":0,"87":1,"89":0,"90":0,"92":0,"96":1,"98":0,"99":0,"100":0,"103":0,"105":0,"106":0,"109":0,"110":0,"113":0,"116":0,"117":0,"120":0,"124":1}},"/home/travis/build/npmtest/node-npmtest-inert/node_modules/inert/lib/fs.js":{"path":"/home/travis/build/npmtest/node-npmtest-inert/node_modules/inert/lib/fs.js","s":{"1":1,"2":1,"3":1,"4":1,"5":1,"6":0,"7":0,"8":1,"9":0,"10":0,"11":0,"12":0,"13":0,"14":0,"15":0,"16":0,"17":0,"18":0,"19":1,"20":0,"21":0,"22":0,"23":1,"24":0,"25":0,"26":0,"27":0,"28":0,"29":0,"30":0,"31":0,"32":0,"33":1,"34":0,"35":0,"36":0,"37":0,"38":1,"39":0,"40":0,"41":0,"42":0,"43":0,"44":0},"b":{"1":[0,0],"2":[0,0],"3":[0,0],"4":[0,0],"5":[0,0],"6":[0,0],"7":[0,0],"8":[0,0],"9":[0,0],"10":[0,0]},"f":{"1":0,"2":0,"3":0,"4":0,"5":0,"6":0},"fnMap":{"1":{"name":"(anonymous_1)","line":15,"loc":{"start":{"line":15,"column":15},"end":{"line":15,"column":31}}},"2":{"name":"(anonymous_2)","line":22,"loc":{"start":{"line":22,"column":30},"end":{"line":22,"column":56}}},"3":{"name":"(anonymous_3)","line":47,"loc":{"start":{"line":47,"column":31},"end":{"line":47,"column":43}}},"4":{"name":"(anonymous_4)","line":56,"loc":{"start":{"line":56,"column":30},"end":{"line":56,"column":50}}},"5":{"name":"(anonymous_5)","line":77,"loc":{"start":{"line":77,"column":34},"end":{"line":77,"column":60}}},"6":{"name":"(anonymous_6)","line":90,"loc":{"start":{"line":90,"column":42},"end":{"line":90,"column":61}}}},"statementMap":{"1":{"start":{"line":5,"column":0},"end":{"line":5,"column":25}},"2":{"start":{"line":6,"column":0},"end":{"line":6,"column":29}},"3":{"start":{"line":7,"column":0},"end":{"line":7,"column":29}},"4":{"start":{"line":12,"column":0},"end":{"line":12,"column":21}},"5":{"start":{"line":15,"column":0},"end":{"line":19,"column":2}},"6":{"start":{"line":17,"column":4},"end":{"line":17,"column":21}},"7":{"start":{"line":18,"column":4},"end":{"line":18,"column":19}},"8":{"start":{"line":22,"column":0},"end":{"line":44,"column":2}},"9":{"start":{"line":24,"column":4},"end":{"line":24,"column":34}},"10":{"start":{"line":26,"column":4},"end":{"line":43,"column":7}},"11":{"start":{"line":28,"column":8},"end":{"line":38,"column":9}},"12":{"start":{"line":29,"column":12},"end":{"line":31,"column":13}},"13":{"start":{"line":30,"column":16},"end":{"line":30,"column":49}},"14":{"start":{"line":33,"column":12},"end":{"line":35,"column":13}},"15":{"start":{"line":34,"column":16},"end":{"line":34,"column":64}},"16":{"start":{"line":37,"column":12},"end":{"line":37,"column":73}},"17":{"start":{"line":40,"column":8},"end":{"line":40,"column":21}},"18":{"start":{"line":42,"column":8},"end":{"line":42,"column":26}},"19":{"start":{"line":47,"column":0},"end":{"line":53,"column":2}},"20":{"start":{"line":49,"column":4},"end":{"line":52,"column":5}},"21":{"start":{"line":50,"column":8},"end":{"line":50,"column":39}},"22":{"start":{"line":51,"column":8},"end":{"line":51,"column":23}},"23":{"start":{"line":56,"column":0},"end":{"line":74,"column":2}},"24":{"start":{"line":58,"column":4},"end":{"line":58,"column":34}},"25":{"start":{"line":60,"column":4},"end":{"line":73,"column":7}},"26":{"start":{"line":62,"column":8},"end":{"line":65,"column":9}},"27":{"start":{"line":63,"column":12},"end":{"line":63,"column":32}},"28":{"start":{"line":64,"column":12},"end":{"line":64,"column":73}},"29":{"start":{"line":67,"column":8},"end":{"line":70,"column":9}},"30":{"start":{"line":68,"column":12},"end":{"line":68,"column":32}},"31":{"start":{"line":69,"column":12},"end":{"line":69,"column":60}},"32":{"start":{"line":72,"column":8},"end":{"line":72,"column":36}},"33":{"start":{"line":77,"column":0},"end":{"line":87,"column":2}},"34":{"start":{"line":79,"column":4},"end":{"line":86,"column":7}},"35":{"start":{"line":81,"column":8},"end":{"line":83,"column":9}},"36":{"start":{"line":82,"column":12},"end":{"line":82,"column":33}},"37":{"start":{"line":85,"column":8},"end":{"line":85,"column":28}},"38":{"start":{"line":90,"column":0},"end":{"line":103,"column":2}},"39":{"start":{"line":92,"column":4},"end":{"line":92,"column":34}},"40":{"start":{"line":94,"column":4},"end":{"line":94,"column":64}},"41":{"start":{"line":96,"column":4},"end":{"line":96,"column":59}},"42":{"start":{"line":98,"column":4},"end":{"line":100,"column":5}},"43":{"start":{"line":99,"column":8},"end":{"line":99,"column":23}},"44":{"start":{"line":102,"column":4},"end":{"line":102,"column":18}}},"branchMap":{"1":{"line":28,"type":"if","locations":[{"start":{"line":28,"column":8},"end":{"line":28,"column":8}},{"start":{"line":28,"column":8},"end":{"line":28,"column":8}}]},"2":{"line":29,"type":"if","locations":[{"start":{"line":29,"column":12},"end":{"line":29,"column":12}},{"start":{"line":29,"column":12},"end":{"line":29,"column":12}}]},"3":{"line":29,"type":"binary-expr","locations":[{"start":{"line":29,"column":16},"end":{"line":29,"column":50}},{"start":{"line":29,"column":54},"end":{"line":29,"column":75}}]},"4":{"line":33,"type":"if","locations":[{"start":{"line":33,"column":12},"end":{"line":33,"column":12}},{"start":{"line":33,"column":12},"end":{"line":33,"column":12}}]},"5":{"line":33,"type":"binary-expr","locations":[{"start":{"line":33,"column":16},"end":{"line":33,"column":37}},{"start":{"line":33,"column":41},"end":{"line":33,"column":61}}]},"6":{"line":49,"type":"if","locations":[{"start":{"line":49,"column":4},"end":{"line":49,"column":4}},{"start":{"line":49,"column":4},"end":{"line":49,"column":4}}]},"7":{"line":62,"type":"if","locations":[{"start":{"line":62,"column":8},"end":{"line":62,"column":8}},{"start":{"line":62,"column":8},"end":{"line":62,"column":8}}]},"8":{"line":67,"type":"if","locations":[{"start":{"line":67,"column":8},"end":{"line":67,"column":8}},{"start":{"line":67,"column":8},"end":{"line":67,"column":8}}]},"9":{"line":81,"type":"if","locations":[{"start":{"line":81,"column":8},"end":{"line":81,"column":8}},{"start":{"line":81,"column":8},"end":{"line":81,"column":8}}]},"10":{"line":98,"type":"if","locations":[{"start":{"line":98,"column":4},"end":{"line":98,"column":4}},{"start":{"line":98,"column":4},"end":{"line":98,"column":4}}]}},"code":["'use strict';","","// Load modules","","const Fs = require('fs');","const Boom = require('boom');","const Hoek = require('hoek');","","","// Declare internals","","const internals = {};","","","exports.File = function (path) {","","    this.path = path;","    this.fd = null;","};","","","exports.File.prototype.open = function (mode, callback) {","","    Hoek.assert(this.fd === null);","","    Fs.open(this.path, mode, (err, fd) => {","","        if (err) {","            if (this.path.indexOf('\\u0000') !== -1 || err.code === 'ENOENT') {","                return callback(Boom.notFound());","            }","","            if (err.code === 'EACCES' || err.code === 'EPERM') {","                return callback(Boom.forbidden(null, err.code));","            }","","            return callback(Boom.wrap(err, null, 'Failed to open file'));","        }","","        this.fd = fd;","","        return callback();","    });","};","","","exports.File.prototype.close = function () {","","    if (this.fd !== null) {","        Fs.close(this.fd, Hoek.ignore);","        this.fd = null;","    }","};","","","exports.File.prototype.stat = function (callback) {","","    Hoek.assert(this.fd !== null);","","    Fs.fstat(this.fd, (err, stat) => {","","        if (err) {","            this.close(this.fd);","            return callback(Boom.wrap(err, null, 'Failed to stat file'));","        }","","        if (stat.isDirectory()) {","            this.close(this.fd);","            return callback(Boom.forbidden(null, 'EISDIR'));","        }","","        return callback(null, stat);","    });","};","","","exports.File.prototype.openStat = function (mode, callback) {","","    this.open(mode, (err) => {","","        if (err) {","            return callback(err);","        }","","        this.stat(callback);","    });","};","","","exports.File.prototype.createReadStream = function (options) {","","    Hoek.assert(this.fd !== null);","","    options = Object.assign({ fd: this.fd, start: 0 }, options);","","    const stream = Fs.createReadStream(this.path, options);","","    if (options.autoClose !== false) {","        this.fd = null;           // The stream now owns the fd","    }","","    return stream;","};",""],"l":{"5":1,"6":1,"7":1,"12":1,"15":1,"17":0,"18":0,"22":1,"24":0,"26":0,"28":0,"29":0,"30":0,"33":0,"34":0,"37":0,"40":0,"42":0,"47":1,"49":0,"50":0,"51":0,"56":1,"58":0,"60":0,"62":0,"63":0,"64":0,"67":0,"68":0,"69":0,"72":0,"77":1,"79":0,"81":0,"82":0,"85":0,"90":1,"92":0,"94":0,"96":0,"98":0,"99":0,"102":0}}}